{"/home/juancitux/Documents/WORKCODILE/Workcodile-dev/backend/src/config/env.js": {"path":"/home/juancitux/Documents/WORKCODILE/Workcodile-dev/backend/src/config/env.js","statementMap":{"0":{"start":{"line":1,"column":13},"end":{"line":1,"column":28}},"1":{"start":{"line":2,"column":16},"end":{"line":2,"column":82}},"2":{"start":{"line":3,"column":0},"end":{"line":3,"column":69}},"3":{"start":{"line":5,"column":12},"end":{"line":10,"column":1}},"4":{"start":{"line":6,"column":4},"end":{"line":8,"column":5}},"5":{"start":{"line":7,"column":8},"end":{"line":7,"column":60}},"6":{"start":{"line":9,"column":4},"end":{"line":9,"column":40}},"7":{"start":{"line":12,"column":15},"end":{"line":59,"column":1}},"8":{"start":{"line":61,"column":0},"end":{"line":61,"column":24}}},"fnMap":{"0":{"name":"(anonymous_0)","decl":{"start":{"line":5,"column":12},"end":{"line":5,"column":13}},"loc":{"start":{"line":5,"column":31},"end":{"line":10,"column":1}},"line":5}},"branchMap":{"0":{"loc":{"start":{"line":2,"column":16},"end":{"line":2,"column":82}},"type":"cond-expr","locations":[{"start":{"line":2,"column":50},"end":{"line":2,"column":67}},{"start":{"line":2,"column":70},"end":{"line":2,"column":82}}],"line":2},"1":{"loc":{"start":{"line":6,"column":4},"end":{"line":8,"column":5}},"type":"if","locations":[{"start":{"line":6,"column":4},"end":{"line":8,"column":5}},{"start":{},"end":{}}],"line":6},"2":{"loc":{"start":{"line":6,"column":8},"end":{"line":6,"column":64}},"type":"binary-expr","locations":[{"start":{"line":6,"column":8},"end":{"line":6,"column":38}},{"start":{"line":6,"column":42},"end":{"line":6,"column":64}}],"line":6},"3":{"loc":{"start":{"line":9,"column":11},"end":{"line":9,"column":39}},"type":"binary-expr","locations":[{"start":{"line":9,"column":11},"end":{"line":9,"column":27}},{"start":{"line":9,"column":31},"end":{"line":9,"column":39}}],"line":9}},"s":{"0":7,"1":7,"2":7,"3":7,"4":189,"5":0,"6":189,"7":7,"8":7},"f":{"0":189},"b":{"0":[7,0],"1":[0,189],"2":[189,70],"3":[189,70]},"inputSourceMap":null,"_coverageSchema":"1a1c01bbd47fc00a2c39e90264f33305004495a9","hash":"8171e171c4cf922b5d81504026d5931ede3f794e"}
,"/home/juancitux/Documents/WORKCODILE/Workcodile-dev/backend/src/controllers/authController.js": {"path":"/home/juancitux/Documents/WORKCODILE/Workcodile-dev/backend/src/controllers/authController.js","statementMap":{"0":{"start":{"line":1,"column":13},"end":{"line":1,"column":38}},"1":{"start":{"line":2,"column":15},"end":{"line":2,"column":32}},"2":{"start":{"line":3,"column":12},"end":{"line":3,"column":35}},"3":{"start":{"line":4,"column":15},"end":{"line":4,"column":32}},"4":{"start":{"line":5,"column":15},"end":{"line":5,"column":39}},"5":{"start":{"line":9,"column":4},"end":{"line":9,"column":46}},"6":{"start":{"line":10,"column":23},"end":{"line":10,"column":69}},"7":{"start":{"line":13,"column":4},"end":{"line":13,"column":55}},"8":{"start":{"line":16,"column":29},"end":{"line":44,"column":1}},"9":{"start":{"line":17,"column":38},"end":{"line":17,"column":46}},"10":{"start":{"line":19,"column":4},"end":{"line":43,"column":5}},"11":{"start":{"line":20,"column":19},"end":{"line":20,"column":48}},"12":{"start":{"line":21,"column":8},"end":{"line":29,"column":9}},"13":{"start":{"line":22,"column":12},"end":{"line":24,"column":13}},"14":{"start":{"line":23,"column":16},"end":{"line":23,"column":97}},"15":{"start":{"line":26,"column":12},"end":{"line":26,"column":74}},"16":{"start":{"line":27,"column":25},"end":{"line":27,"column":49}},"17":{"start":{"line":28,"column":12},"end":{"line":28,"column":62}},"18":{"start":{"line":31,"column":33},"end":{"line":31,"column":53}},"19":{"start":{"line":32,"column":8},"end":{"line":32,"column":49}},"20":{"start":{"line":33,"column":8},"end":{"line":33,"column":59}},"21":{"start":{"line":35,"column":8},"end":{"line":35,"column":26}},"22":{"start":{"line":36,"column":8},"end":{"line":36,"column":81}},"23":{"start":{"line":38,"column":8},"end":{"line":40,"column":11}},"24":{"start":{"line":42,"column":8},"end":{"line":42,"column":18}},"25":{"start":{"line":46,"column":14},"end":{"line":75,"column":1}},"26":{"start":{"line":47,"column":32},"end":{"line":47,"column":40}},"27":{"start":{"line":49,"column":4},"end":{"line":74,"column":5}},"28":{"start":{"line":50,"column":21},"end":{"line":50,"column":50}},"29":{"start":{"line":51,"column":8},"end":{"line":53,"column":9}},"30":{"start":{"line":52,"column":12},"end":{"line":52,"column":76}},"31":{"start":{"line":55,"column":24},"end":{"line":55,"column":69}},"32":{"start":{"line":56,"column":8},"end":{"line":58,"column":9}},"33":{"start":{"line":57,"column":12},"end":{"line":57,"column":76}},"34":{"start":{"line":60,"column":8},"end":{"line":64,"column":9}},"35":{"start":{"line":61,"column":12},"end":{"line":63,"column":83}},"36":{"start":{"line":66,"column":24},"end":{"line":66,"column":49}},"37":{"start":{"line":67,"column":22},"end":{"line":67,"column":95}},"38":{"start":{"line":69,"column":24},"end":{"line":69,"column":39}},"39":{"start":{"line":70,"column":8},"end":{"line":70,"column":32}},"40":{"start":{"line":71,"column":8},"end":{"line":71,"column":43}},"41":{"start":{"line":73,"column":8},"end":{"line":73,"column":18}},"42":{"start":{"line":77,"column":14},"end":{"line":93,"column":1}},"43":{"start":{"line":78,"column":4},"end":{"line":92,"column":5}},"44":{"start":{"line":79,"column":21},"end":{"line":79,"column":80}},"45":{"start":{"line":80,"column":8},"end":{"line":82,"column":9}},"46":{"start":{"line":81,"column":12},"end":{"line":81,"column":71}},"47":{"start":{"line":83,"column":8},"end":{"line":85,"column":9}},"48":{"start":{"line":84,"column":12},"end":{"line":84,"column":54}},"49":{"start":{"line":86,"column":8},"end":{"line":86,"column":38}},"50":{"start":{"line":87,"column":8},"end":{"line":87,"column":24}},"51":{"start":{"line":89,"column":8},"end":{"line":89,"column":23}},"52":{"start":{"line":91,"column":8},"end":{"line":91,"column":18}},"53":{"start":{"line":95,"column":24},"end":{"line":114,"column":1}},"54":{"start":{"line":96,"column":22},"end":{"line":96,"column":30}},"55":{"start":{"line":97,"column":4},"end":{"line":99,"column":5}},"56":{"start":{"line":98,"column":8},"end":{"line":98,"column":66}},"57":{"start":{"line":101,"column":4},"end":{"line":113,"column":5}},"58":{"start":{"line":102,"column":21},"end":{"line":104,"column":9}},"59":{"start":{"line":106,"column":8},"end":{"line":108,"column":9}},"60":{"start":{"line":107,"column":12},"end":{"line":107,"column":71}},"61":{"start":{"line":110,"column":8},"end":{"line":110,"column":23}},"62":{"start":{"line":112,"column":8},"end":{"line":112,"column":18}},"63":{"start":{"line":116,"column":22},"end":{"line":148,"column":1}},"64":{"start":{"line":117,"column":62},"end":{"line":117,"column":70}},"65":{"start":{"line":119,"column":4},"end":{"line":147,"column":5}},"66":{"start":{"line":120,"column":21},"end":{"line":120,"column":53}},"67":{"start":{"line":121,"column":8},"end":{"line":123,"column":9}},"68":{"start":{"line":122,"column":12},"end":{"line":122,"column":71}},"69":{"start":{"line":125,"column":8},"end":{"line":127,"column":9}},"70":{"start":{"line":126,"column":12},"end":{"line":126,"column":29}},"71":{"start":{"line":128,"column":8},"end":{"line":130,"column":9}},"72":{"start":{"line":129,"column":12},"end":{"line":129,"column":27}},"73":{"start":{"line":131,"column":8},"end":{"line":133,"column":9}},"74":{"start":{"line":132,"column":12},"end":{"line":132,"column":39}},"75":{"start":{"line":134,"column":8},"end":{"line":136,"column":9}},"76":{"start":{"line":135,"column":12},"end":{"line":135,"column":41}},"77":{"start":{"line":137,"column":8},"end":{"line":139,"column":9}},"78":{"start":{"line":138,"column":12},"end":{"line":138,"column":43}},"79":{"start":{"line":141,"column":8},"end":{"line":141,"column":26}},"80":{"start":{"line":142,"column":24},"end":{"line":142,"column":39}},"81":{"start":{"line":143,"column":8},"end":{"line":143,"column":32}},"82":{"start":{"line":144,"column":8},"end":{"line":144,"column":26}},"83":{"start":{"line":146,"column":8},"end":{"line":146,"column":18}},"84":{"start":{"line":150,"column":20},"end":{"line":166,"column":1}},"85":{"start":{"line":151,"column":4},"end":{"line":165,"column":5}},"86":{"start":{"line":152,"column":21},"end":{"line":152,"column":82}},"87":{"start":{"line":153,"column":8},"end":{"line":155,"column":9}},"88":{"start":{"line":154,"column":12},"end":{"line":154,"column":71}},"89":{"start":{"line":156,"column":8},"end":{"line":158,"column":9}},"90":{"start":{"line":157,"column":12},"end":{"line":157,"column":54}},"91":{"start":{"line":159,"column":8},"end":{"line":159,"column":38}},"92":{"start":{"line":160,"column":8},"end":{"line":160,"column":24}},"93":{"start":{"line":162,"column":8},"end":{"line":162,"column":23}},"94":{"start":{"line":164,"column":8},"end":{"line":164,"column":18}},"95":{"start":{"line":168,"column":26},"end":{"line":198,"column":1}},"96":{"start":{"line":169,"column":40},"end":{"line":169,"column":48}},"97":{"start":{"line":171,"column":4},"end":{"line":197,"column":5}},"98":{"start":{"line":172,"column":21},"end":{"line":176,"column":10}},"99":{"start":{"line":178,"column":8},"end":{"line":182,"column":9}},"100":{"start":{"line":179,"column":12},"end":{"line":181,"column":83}},"101":{"start":{"line":184,"column":8},"end":{"line":184,"column":31}},"102":{"start":{"line":185,"column":8},"end":{"line":185,"column":42}},"103":{"start":{"line":186,"column":8},"end":{"line":186,"column":49}},"104":{"start":{"line":187,"column":8},"end":{"line":187,"column":26}},"105":{"start":{"line":189,"column":24},"end":{"line":189,"column":49}},"106":{"start":{"line":190,"column":22},"end":{"line":190,"column":95}},"107":{"start":{"line":192,"column":24},"end":{"line":192,"column":39}},"108":{"start":{"line":193,"column":8},"end":{"line":193,"column":32}},"109":{"start":{"line":194,"column":8},"end":{"line":194,"column":43}},"110":{"start":{"line":196,"column":8},"end":{"line":196,"column":18}},"111":{"start":{"line":200,"column":23},"end":{"line":225,"column":1}},"112":{"start":{"line":201,"column":22},"end":{"line":201,"column":30}},"113":{"start":{"line":203,"column":4},"end":{"line":224,"column":5}},"114":{"start":{"line":204,"column":21},"end":{"line":204,"column":50}},"115":{"start":{"line":205,"column":8},"end":{"line":212,"column":9}},"116":{"start":{"line":206,"column":12},"end":{"line":211,"column":19}},"117":{"start":{"line":214,"column":26},"end":{"line":214,"column":46}},"118":{"start":{"line":215,"column":8},"end":{"line":215,"column":43}},"119":{"start":{"line":216,"column":8},"end":{"line":216,"column":56}},"120":{"start":{"line":218,"column":8},"end":{"line":218,"column":26}},"121":{"start":{"line":219,"column":8},"end":{"line":219,"column":75}},"122":{"start":{"line":221,"column":8},"end":{"line":221,"column":96}},"123":{"start":{"line":223,"column":8},"end":{"line":223,"column":18}},"124":{"start":{"line":227,"column":22},"end":{"line":250,"column":1}},"125":{"start":{"line":228,"column":31},"end":{"line":228,"column":39}},"126":{"start":{"line":230,"column":4},"end":{"line":249,"column":5}},"127":{"start":{"line":231,"column":21},"end":{"line":234,"column":10}},"128":{"start":{"line":236,"column":8},"end":{"line":238,"column":9}},"129":{"start":{"line":237,"column":12},"end":{"line":237,"column":94}},"130":{"start":{"line":240,"column":21},"end":{"line":240,"column":45}},"131":{"start":{"line":241,"column":8},"end":{"line":241,"column":58}},"132":{"start":{"line":242,"column":8},"end":{"line":242,"column":43}},"133":{"start":{"line":243,"column":8},"end":{"line":243,"column":46}},"134":{"start":{"line":245,"column":8},"end":{"line":245,"column":26}},"135":{"start":{"line":246,"column":8},"end":{"line":246,"column":83}},"136":{"start":{"line":248,"column":8},"end":{"line":248,"column":18}},"137":{"start":{"line":252,"column":0},"end":{"line":262,"column":2}}},"fnMap":{"0":{"name":"generateSecureCode","decl":{"start":{"line":12,"column":9},"end":{"line":12,"column":27}},"loc":{"start":{"line":12,"column":30},"end":{"line":14,"column":1}},"line":12},"1":{"name":"(anonymous_1)","decl":{"start":{"line":16,"column":29},"end":{"line":16,"column":30}},"loc":{"start":{"line":16,"column":55},"end":{"line":44,"column":1}},"line":16},"2":{"name":"(anonymous_2)","decl":{"start":{"line":46,"column":14},"end":{"line":46,"column":15}},"loc":{"start":{"line":46,"column":40},"end":{"line":75,"column":1}},"line":46},"3":{"name":"(anonymous_3)","decl":{"start":{"line":77,"column":14},"end":{"line":77,"column":15}},"loc":{"start":{"line":77,"column":40},"end":{"line":93,"column":1}},"line":77},"4":{"name":"(anonymous_4)","decl":{"start":{"line":95,"column":24},"end":{"line":95,"column":25}},"loc":{"start":{"line":95,"column":50},"end":{"line":114,"column":1}},"line":95},"5":{"name":"(anonymous_5)","decl":{"start":{"line":116,"column":22},"end":{"line":116,"column":23}},"loc":{"start":{"line":116,"column":48},"end":{"line":148,"column":1}},"line":116},"6":{"name":"(anonymous_6)","decl":{"start":{"line":150,"column":20},"end":{"line":150,"column":21}},"loc":{"start":{"line":150,"column":46},"end":{"line":166,"column":1}},"line":150},"7":{"name":"(anonymous_7)","decl":{"start":{"line":168,"column":26},"end":{"line":168,"column":27}},"loc":{"start":{"line":168,"column":52},"end":{"line":198,"column":1}},"line":168},"8":{"name":"(anonymous_8)","decl":{"start":{"line":200,"column":23},"end":{"line":200,"column":24}},"loc":{"start":{"line":200,"column":49},"end":{"line":225,"column":1}},"line":200},"9":{"name":"(anonymous_9)","decl":{"start":{"line":227,"column":22},"end":{"line":227,"column":23}},"loc":{"start":{"line":227,"column":48},"end":{"line":250,"column":1}},"line":227}},"branchMap":{"0":{"loc":{"start":{"line":21,"column":8},"end":{"line":29,"column":9}},"type":"if","locations":[{"start":{"line":21,"column":8},"end":{"line":29,"column":9}},{"start":{"line":25,"column":15},"end":{"line":29,"column":9}}],"line":21},"1":{"loc":{"start":{"line":22,"column":12},"end":{"line":24,"column":13}},"type":"if","locations":[{"start":{"line":22,"column":12},"end":{"line":24,"column":13}},{"start":{},"end":{}}],"line":22},"2":{"loc":{"start":{"line":51,"column":8},"end":{"line":53,"column":9}},"type":"if","locations":[{"start":{"line":51,"column":8},"end":{"line":53,"column":9}},{"start":{},"end":{}}],"line":51},"3":{"loc":{"start":{"line":56,"column":8},"end":{"line":58,"column":9}},"type":"if","locations":[{"start":{"line":56,"column":8},"end":{"line":58,"column":9}},{"start":{},"end":{}}],"line":56},"4":{"loc":{"start":{"line":60,"column":8},"end":{"line":64,"column":9}},"type":"if","locations":[{"start":{"line":60,"column":8},"end":{"line":64,"column":9}},{"start":{},"end":{}}],"line":60},"5":{"loc":{"start":{"line":80,"column":8},"end":{"line":82,"column":9}},"type":"if","locations":[{"start":{"line":80,"column":8},"end":{"line":82,"column":9}},{"start":{},"end":{}}],"line":80},"6":{"loc":{"start":{"line":83,"column":8},"end":{"line":85,"column":9}},"type":"if","locations":[{"start":{"line":83,"column":8},"end":{"line":85,"column":9}},{"start":{},"end":{}}],"line":83},"7":{"loc":{"start":{"line":97,"column":4},"end":{"line":99,"column":5}},"type":"if","locations":[{"start":{"line":97,"column":4},"end":{"line":99,"column":5}},{"start":{},"end":{}}],"line":97},"8":{"loc":{"start":{"line":106,"column":8},"end":{"line":108,"column":9}},"type":"if","locations":[{"start":{"line":106,"column":8},"end":{"line":108,"column":9}},{"start":{},"end":{}}],"line":106},"9":{"loc":{"start":{"line":121,"column":8},"end":{"line":123,"column":9}},"type":"if","locations":[{"start":{"line":121,"column":8},"end":{"line":123,"column":9}},{"start":{},"end":{}}],"line":121},"10":{"loc":{"start":{"line":125,"column":8},"end":{"line":127,"column":9}},"type":"if","locations":[{"start":{"line":125,"column":8},"end":{"line":127,"column":9}},{"start":{},"end":{}}],"line":125},"11":{"loc":{"start":{"line":128,"column":8},"end":{"line":130,"column":9}},"type":"if","locations":[{"start":{"line":128,"column":8},"end":{"line":130,"column":9}},{"start":{},"end":{}}],"line":128},"12":{"loc":{"start":{"line":131,"column":8},"end":{"line":133,"column":9}},"type":"if","locations":[{"start":{"line":131,"column":8},"end":{"line":133,"column":9}},{"start":{},"end":{}}],"line":131},"13":{"loc":{"start":{"line":134,"column":8},"end":{"line":136,"column":9}},"type":"if","locations":[{"start":{"line":134,"column":8},"end":{"line":136,"column":9}},{"start":{},"end":{}}],"line":134},"14":{"loc":{"start":{"line":137,"column":8},"end":{"line":139,"column":9}},"type":"if","locations":[{"start":{"line":137,"column":8},"end":{"line":139,"column":9}},{"start":{},"end":{}}],"line":137},"15":{"loc":{"start":{"line":153,"column":8},"end":{"line":155,"column":9}},"type":"if","locations":[{"start":{"line":153,"column":8},"end":{"line":155,"column":9}},{"start":{},"end":{}}],"line":153},"16":{"loc":{"start":{"line":156,"column":8},"end":{"line":158,"column":9}},"type":"if","locations":[{"start":{"line":156,"column":8},"end":{"line":158,"column":9}},{"start":{},"end":{}}],"line":156},"17":{"loc":{"start":{"line":178,"column":8},"end":{"line":182,"column":9}},"type":"if","locations":[{"start":{"line":178,"column":8},"end":{"line":182,"column":9}},{"start":{},"end":{}}],"line":178},"18":{"loc":{"start":{"line":205,"column":8},"end":{"line":212,"column":9}},"type":"if","locations":[{"start":{"line":205,"column":8},"end":{"line":212,"column":9}},{"start":{},"end":{}}],"line":205},"19":{"loc":{"start":{"line":236,"column":8},"end":{"line":238,"column":9}},"type":"if","locations":[{"start":{"line":236,"column":8},"end":{"line":238,"column":9}},{"start":{},"end":{}}],"line":236}},"s":{"0":6,"1":6,"2":6,"3":6,"4":6,"5":6,"6":6,"7":3,"8":6,"9":4,"10":4,"11":4,"12":3,"13":2,"14":1,"15":1,"16":1,"17":1,"18":2,"19":2,"20":2,"21":2,"22":2,"23":2,"24":1,"25":6,"26":7,"27":7,"28":7,"29":7,"30":1,"31":6,"32":6,"33":2,"34":4,"35":1,"36":3,"37":3,"38":3,"39":3,"40":3,"41":0,"42":6,"43":3,"44":3,"45":3,"46":1,"47":2,"48":1,"49":2,"50":2,"51":2,"52":0,"53":6,"54":2,"55":2,"56":1,"57":1,"58":1,"59":1,"60":0,"61":1,"62":0,"63":6,"64":2,"65":2,"66":2,"67":2,"68":1,"69":1,"70":1,"71":1,"72":1,"73":1,"74":1,"75":1,"76":1,"77":1,"78":0,"79":1,"80":1,"81":1,"82":1,"83":0,"84":6,"85":3,"86":3,"87":3,"88":2,"89":1,"90":0,"91":1,"92":1,"93":1,"94":0,"95":6,"96":2,"97":2,"98":2,"99":2,"100":1,"101":1,"102":1,"103":1,"104":1,"105":1,"106":1,"107":1,"108":1,"109":1,"110":0,"111":6,"112":2,"113":2,"114":2,"115":2,"116":1,"117":1,"118":1,"119":1,"120":1,"121":1,"122":1,"123":0,"124":6,"125":2,"126":2,"127":2,"128":2,"129":1,"130":1,"131":1,"132":1,"133":1,"134":1,"135":1,"136":0,"137":6},"f":{"0":3,"1":4,"2":7,"3":3,"4":2,"5":2,"6":3,"7":2,"8":2,"9":2},"b":{"0":[2,1],"1":[1,1],"2":[1,6],"3":[2,4],"4":[1,3],"5":[1,2],"6":[1,1],"7":[1,1],"8":[0,1],"9":[1,1],"10":[1,0],"11":[1,0],"12":[1,0],"13":[1,0],"14":[0,1],"15":[2,1],"16":[0,1],"17":[1,1],"18":[1,1],"19":[1,1]},"inputSourceMap":null,"_coverageSchema":"1a1c01bbd47fc00a2c39e90264f33305004495a9","hash":"d9a20a304dae326662f376c4a39921702a138423"}
,"/home/juancitux/Documents/WORKCODILE/Workcodile-dev/backend/src/controllers/courseController.js": {"path":"/home/juancitux/Documents/WORKCODILE/Workcodile-dev/backend/src/controllers/courseController.js","statementMap":{"0":{"start":{"line":1,"column":15},"end":{"line":1,"column":42}},"1":{"start":{"line":3,"column":22},"end":{"line":10,"column":1}},"2":{"start":{"line":4,"column":4},"end":{"line":9,"column":5}},"3":{"start":{"line":5,"column":24},"end":{"line":5,"column":72}},"4":{"start":{"line":6,"column":8},"end":{"line":6,"column":26}},"5":{"start":{"line":8,"column":8},"end":{"line":8,"column":20}},"6":{"start":{"line":12,"column":0},"end":{"line":12,"column":35}}},"fnMap":{"0":{"name":"(anonymous_0)","decl":{"start":{"line":3,"column":22},"end":{"line":3,"column":23}},"loc":{"start":{"line":3,"column":48},"end":{"line":10,"column":1}},"line":3}},"branchMap":{},"s":{"0":6,"1":6,"2":5,"3":5,"4":4,"5":1,"6":6},"f":{"0":5},"b":{},"inputSourceMap":null,"_coverageSchema":"1a1c01bbd47fc00a2c39e90264f33305004495a9","hash":"dbefee949e67ea1cd51abd97b88a7a3f925472aa"}
,"/home/juancitux/Documents/WORKCODILE/Workcodile-dev/backend/src/controllers/healthController.js": {"path":"/home/juancitux/Documents/WORKCODILE/Workcodile-dev/backend/src/controllers/healthController.js","statementMap":{"0":{"start":{"line":1,"column":17},"end":{"line":1,"column":36}},"1":{"start":{"line":3,"column":20},"end":{"line":5,"column":1}},"2":{"start":{"line":4,"column":4},"end":{"line":4,"column":80}},"3":{"start":{"line":7,"column":17},"end":{"line":14,"column":1}},"4":{"start":{"line":8,"column":20},"end":{"line":8,"column":50}},"5":{"start":{"line":9,"column":24},"end":{"line":9,"column":37}},"6":{"start":{"line":10,"column":4},"end":{"line":13,"column":7}},"7":{"start":{"line":16,"column":0},"end":{"line":19,"column":2}}},"fnMap":{"0":{"name":"(anonymous_0)","decl":{"start":{"line":3,"column":20},"end":{"line":3,"column":21}},"loc":{"start":{"line":3,"column":34},"end":{"line":5,"column":1}},"line":3},"1":{"name":"(anonymous_1)","decl":{"start":{"line":7,"column":17},"end":{"line":7,"column":18}},"loc":{"start":{"line":7,"column":31},"end":{"line":14,"column":1}},"line":7}},"branchMap":{},"s":{"0":5,"1":5,"2":8,"3":5,"4":2,"5":2,"6":2,"7":5},"f":{"0":8,"1":2},"b":{},"inputSourceMap":null,"_coverageSchema":"1a1c01bbd47fc00a2c39e90264f33305004495a9","hash":"4e14685b486497c68f48b4f675e15d82e43138c4"}
,"/home/juancitux/Documents/WORKCODILE/Workcodile-dev/backend/src/controllers/notificationController.js": {"path":"/home/juancitux/Documents/WORKCODILE/Workcodile-dev/backend/src/controllers/notificationController.js","statementMap":{"0":{"start":{"line":1,"column":21},"end":{"line":1,"column":54}},"1":{"start":{"line":3,"column":25},"end":{"line":12,"column":1}},"2":{"start":{"line":4,"column":4},"end":{"line":11,"column":5}},"3":{"start":{"line":5,"column":30},"end":{"line":7,"column":10}},"4":{"start":{"line":8,"column":8},"end":{"line":8,"column":32}},"5":{"start":{"line":10,"column":8},"end":{"line":10,"column":18}},"6":{"start":{"line":14,"column":19},"end":{"line":30,"column":1}},"7":{"start":{"line":15,"column":4},"end":{"line":29,"column":5}},"8":{"start":{"line":16,"column":29},"end":{"line":16,"column":71}},"9":{"start":{"line":17,"column":8},"end":{"line":19,"column":9}},"10":{"start":{"line":18,"column":12},"end":{"line":18,"column":79}},"11":{"start":{"line":20,"column":8},"end":{"line":22,"column":9}},"12":{"start":{"line":21,"column":12},"end":{"line":21,"column":76}},"13":{"start":{"line":24,"column":8},"end":{"line":24,"column":33}},"14":{"start":{"line":25,"column":8},"end":{"line":25,"column":34}},"15":{"start":{"line":26,"column":8},"end":{"line":26,"column":31}},"16":{"start":{"line":28,"column":8},"end":{"line":28,"column":18}},"17":{"start":{"line":32,"column":22},"end":{"line":39,"column":1}},"18":{"start":{"line":33,"column":4},"end":{"line":38,"column":5}},"19":{"start":{"line":34,"column":8},"end":{"line":34,"column":100}},"20":{"start":{"line":35,"column":8},"end":{"line":35,"column":66}},"21":{"start":{"line":37,"column":8},"end":{"line":37,"column":18}},"22":{"start":{"line":41,"column":0},"end":{"line":41,"column":65}}},"fnMap":{"0":{"name":"(anonymous_0)","decl":{"start":{"line":3,"column":25},"end":{"line":3,"column":26}},"loc":{"start":{"line":3,"column":51},"end":{"line":12,"column":1}},"line":3},"1":{"name":"(anonymous_1)","decl":{"start":{"line":14,"column":19},"end":{"line":14,"column":20}},"loc":{"start":{"line":14,"column":45},"end":{"line":30,"column":1}},"line":14},"2":{"name":"(anonymous_2)","decl":{"start":{"line":32,"column":22},"end":{"line":32,"column":23}},"loc":{"start":{"line":32,"column":48},"end":{"line":39,"column":1}},"line":32}},"branchMap":{"0":{"loc":{"start":{"line":17,"column":8},"end":{"line":19,"column":9}},"type":"if","locations":[{"start":{"line":17,"column":8},"end":{"line":19,"column":9}},{"start":{},"end":{}}],"line":17},"1":{"loc":{"start":{"line":20,"column":8},"end":{"line":22,"column":9}},"type":"if","locations":[{"start":{"line":20,"column":8},"end":{"line":22,"column":9}},{"start":{},"end":{}}],"line":20}},"s":{"0":6,"1":6,"2":3,"3":3,"4":2,"5":1,"6":6,"7":4,"8":4,"9":3,"10":1,"11":2,"12":1,"13":1,"14":1,"15":1,"16":1,"17":6,"18":3,"19":3,"20":2,"21":1,"22":6},"f":{"0":3,"1":4,"2":3},"b":{"0":[1,2],"1":[1,1]},"inputSourceMap":null,"_coverageSchema":"1a1c01bbd47fc00a2c39e90264f33305004495a9","hash":"a3821e326f62f95901aa0098165896ea746cbd2c"}
,"/home/juancitux/Documents/WORKCODILE/Workcodile-dev/backend/src/controllers/postController.js": {"path":"/home/juancitux/Documents/WORKCODILE/Workcodile-dev/backend/src/controllers/postController.js","statementMap":{"0":{"start":{"line":1,"column":21},"end":{"line":1,"column":39}},"1":{"start":{"line":2,"column":17},"end":{"line":2,"column":36}},"2":{"start":{"line":3,"column":13},"end":{"line":3,"column":38}},"3":{"start":{"line":4,"column":21},"end":{"line":4,"column":54}},"4":{"start":{"line":5,"column":15},"end":{"line":5,"column":42}},"5":{"start":{"line":6,"column":20},"end":{"line":6,"column":55}},"6":{"start":{"line":7,"column":18},"end":{"line":7,"column":50}},"7":{"start":{"line":9,"column":20},"end":{"line":30,"column":1}},"8":{"start":{"line":10,"column":4},"end":{"line":29,"column":5}},"9":{"start":{"line":11,"column":21},"end":{"line":11,"column":54}},"10":{"start":{"line":12,"column":22},"end":{"line":12,"column":57}},"11":{"start":{"line":13,"column":23},"end":{"line":13,"column":71}},"12":{"start":{"line":15,"column":8},"end":{"line":15,"column":49}},"13":{"start":{"line":16,"column":8},"end":{"line":19,"column":11}},"14":{"start":{"line":17,"column":12},"end":{"line":17,"column":52}},"15":{"start":{"line":18,"column":12},"end":{"line":18,"column":79}},"16":{"start":{"line":21,"column":8},"end":{"line":26,"column":11}},"17":{"start":{"line":28,"column":8},"end":{"line":28,"column":20}},"18":{"start":{"line":32,"column":20},"end":{"line":61,"column":1}},"19":{"start":{"line":33,"column":4},"end":{"line":60,"column":5}},"20":{"start":{"line":34,"column":23},"end":{"line":34,"column":33}},"21":{"start":{"line":35,"column":29},"end":{"line":35,"column":70}},"22":{"start":{"line":36,"column":30},"end":{"line":36,"column":72}},"23":{"start":{"line":38,"column":21},"end":{"line":38,"column":60}},"24":{"start":{"line":39,"column":8},"end":{"line":41,"column":9}},"25":{"start":{"line":40,"column":12},"end":{"line":40,"column":71}},"26":{"start":{"line":43,"column":8},"end":{"line":43,"column":43}},"27":{"start":{"line":44,"column":30},"end":{"line":44,"column":70}},"28":{"start":{"line":46,"column":8},"end":{"line":49,"column":9}},"29":{"start":{"line":47,"column":12},"end":{"line":47,"column":52}},"30":{"start":{"line":48,"column":12},"end":{"line":48,"column":93}},"31":{"start":{"line":51,"column":8},"end":{"line":51,"column":75}},"32":{"start":{"line":52,"column":8},"end":{"line":52,"column":43}},"33":{"start":{"line":53,"column":8},"end":{"line":53,"column":76}},"34":{"start":{"line":54,"column":8},"end":{"line":54,"column":43}},"35":{"start":{"line":55,"column":8},"end":{"line":55,"column":41}},"36":{"start":{"line":57,"column":8},"end":{"line":57,"column":35}},"37":{"start":{"line":59,"column":8},"end":{"line":59,"column":20}},"38":{"start":{"line":63,"column":27},"end":{"line":88,"column":1}},"39":{"start":{"line":64,"column":4},"end":{"line":87,"column":5}},"40":{"start":{"line":65,"column":30},"end":{"line":65,"column":40}},"41":{"start":{"line":66,"column":19},"end":{"line":66,"column":42}},"42":{"start":{"line":68,"column":21},"end":{"line":70,"column":10}},"43":{"start":{"line":72,"column":8},"end":{"line":74,"column":9}},"44":{"start":{"line":73,"column":12},"end":{"line":73,"column":88}},"45":{"start":{"line":76,"column":31},"end":{"line":76,"column":87}},"46":{"start":{"line":77,"column":8},"end":{"line":79,"column":9}},"47":{"start":{"line":78,"column":12},"end":{"line":78,"column":71}},"48":{"start":{"line":81,"column":8},"end":{"line":81,"column":53}},"49":{"start":{"line":82,"column":8},"end":{"line":82,"column":85}},"50":{"start":{"line":84,"column":8},"end":{"line":84,"column":45}},"51":{"start":{"line":86,"column":8},"end":{"line":86,"column":20}},"52":{"start":{"line":90,"column":26},"end":{"line":120,"column":1}},"53":{"start":{"line":91,"column":4},"end":{"line":119,"column":5}},"54":{"start":{"line":92,"column":38},"end":{"line":92,"column":48}},"55":{"start":{"line":93,"column":23},"end":{"line":93,"column":52}},"56":{"start":{"line":95,"column":21},"end":{"line":97,"column":51}},"57":{"start":{"line":98,"column":8},"end":{"line":100,"column":9}},"58":{"start":{"line":99,"column":12},"end":{"line":99,"column":71}},"59":{"start":{"line":102,"column":30},"end":{"line":105,"column":9}},"60":{"start":{"line":106,"column":8},"end":{"line":108,"column":9}},"61":{"start":{"line":107,"column":12},"end":{"line":107,"column":74}},"62":{"start":{"line":110,"column":24},"end":{"line":110,"column":51}},"63":{"start":{"line":111,"column":8},"end":{"line":111,"column":51}},"64":{"start":{"line":112,"column":8},"end":{"line":112,"column":44}},"65":{"start":{"line":113,"column":8},"end":{"line":113,"column":42}},"66":{"start":{"line":114,"column":8},"end":{"line":114,"column":81}},"67":{"start":{"line":114,"column":35},"end":{"line":114,"column":79}},"68":{"start":{"line":116,"column":8},"end":{"line":116,"column":38}},"69":{"start":{"line":118,"column":8},"end":{"line":118,"column":20}},"70":{"start":{"line":122,"column":19},"end":{"line":146,"column":1}},"71":{"start":{"line":123,"column":4},"end":{"line":145,"column":5}},"72":{"start":{"line":124,"column":66},"end":{"line":124,"column":74}},"73":{"start":{"line":125,"column":23},"end":{"line":125,"column":34}},"74":{"start":{"line":127,"column":27},"end":{"line":134,"column":10}},"75":{"start":{"line":135,"column":28},"end":{"line":135,"column":75}},"76":{"start":{"line":137,"column":8},"end":{"line":137,"column":69}},"77":{"start":{"line":138,"column":8},"end":{"line":140,"column":9}},"78":{"start":{"line":139,"column":12},"end":{"line":139,"column":63}},"79":{"start":{"line":142,"column":8},"end":{"line":142,"column":42}},"80":{"start":{"line":144,"column":8},"end":{"line":144,"column":20}},"81":{"start":{"line":148,"column":19},"end":{"line":182,"column":1}},"82":{"start":{"line":149,"column":4},"end":{"line":181,"column":5}},"83":{"start":{"line":150,"column":23},"end":{"line":150,"column":33}},"84":{"start":{"line":151,"column":35},"end":{"line":151,"column":43}},"85":{"start":{"line":152,"column":23},"end":{"line":152,"column":48}},"86":{"start":{"line":154,"column":21},"end":{"line":156,"column":47}},"87":{"start":{"line":157,"column":8},"end":{"line":159,"column":9}},"88":{"start":{"line":158,"column":12},"end":{"line":158,"column":71}},"89":{"start":{"line":160,"column":8},"end":{"line":162,"column":9}},"90":{"start":{"line":161,"column":12},"end":{"line":161,"column":96}},"91":{"start":{"line":164,"column":8},"end":{"line":170,"column":14}},"92":{"start":{"line":172,"column":28},"end":{"line":172,"column":67}},"93":{"start":{"line":173,"column":8},"end":{"line":173,"column":69}},"94":{"start":{"line":174,"column":8},"end":{"line":176,"column":9}},"95":{"start":{"line":175,"column":12},"end":{"line":175,"column":68}},"96":{"start":{"line":178,"column":8},"end":{"line":178,"column":42}},"97":{"start":{"line":180,"column":8},"end":{"line":180,"column":20}},"98":{"start":{"line":184,"column":19},"end":{"line":206,"column":1}},"99":{"start":{"line":185,"column":4},"end":{"line":205,"column":5}},"100":{"start":{"line":186,"column":23},"end":{"line":186,"column":33}},"101":{"start":{"line":187,"column":23},"end":{"line":187,"column":48}},"102":{"start":{"line":189,"column":21},"end":{"line":191,"column":47}},"103":{"start":{"line":192,"column":8},"end":{"line":194,"column":9}},"104":{"start":{"line":193,"column":12},"end":{"line":193,"column":71}},"105":{"start":{"line":195,"column":8},"end":{"line":197,"column":9}},"106":{"start":{"line":196,"column":12},"end":{"line":196,"column":96}},"107":{"start":{"line":199,"column":8},"end":{"line":201,"column":57}},"108":{"start":{"line":202,"column":8},"end":{"line":202,"column":71}},"109":{"start":{"line":204,"column":8},"end":{"line":204,"column":20}},"110":{"start":{"line":208,"column":17},"end":{"line":246,"column":1}},"111":{"start":{"line":209,"column":4},"end":{"line":245,"column":5}},"112":{"start":{"line":210,"column":23},"end":{"line":210,"column":33}},"113":{"start":{"line":211,"column":25},"end":{"line":211,"column":33}},"114":{"start":{"line":212,"column":23},"end":{"line":212,"column":34}},"115":{"start":{"line":214,"column":21},"end":{"line":216,"column":47}},"116":{"start":{"line":217,"column":8},"end":{"line":219,"column":9}},"117":{"start":{"line":218,"column":12},"end":{"line":218,"column":71}},"118":{"start":{"line":221,"column":21},"end":{"line":221,"column":48}},"119":{"start":{"line":223,"column":30},"end":{"line":223,"column":78}},"120":{"start":{"line":224,"column":8},"end":{"line":226,"column":9}},"121":{"start":{"line":225,"column":12},"end":{"line":225,"column":69}},"122":{"start":{"line":228,"column":8},"end":{"line":234,"column":9}},"123":{"start":{"line":229,"column":12},"end":{"line":233,"column":15}},"124":{"start":{"line":236,"column":28},"end":{"line":236,"column":67}},"125":{"start":{"line":237,"column":8},"end":{"line":237,"column":69}},"126":{"start":{"line":238,"column":8},"end":{"line":240,"column":9}},"127":{"start":{"line":239,"column":12},"end":{"line":239,"column":63}},"128":{"start":{"line":242,"column":8},"end":{"line":242,"column":42}},"129":{"start":{"line":244,"column":8},"end":{"line":244,"column":20}},"130":{"start":{"line":248,"column":25},"end":{"line":311,"column":1}},"131":{"start":{"line":249,"column":4},"end":{"line":310,"column":5}},"132":{"start":{"line":250,"column":23},"end":{"line":250,"column":33}},"133":{"start":{"line":251,"column":51},"end":{"line":251,"column":59}},"134":{"start":{"line":252,"column":23},"end":{"line":252,"column":48}},"135":{"start":{"line":253,"column":21},"end":{"line":253,"column":53}},"136":{"start":{"line":255,"column":24},"end":{"line":264,"column":9}},"137":{"start":{"line":266,"column":21},"end":{"line":268,"column":47}},"138":{"start":{"line":269,"column":8},"end":{"line":271,"column":9}},"139":{"start":{"line":270,"column":12},"end":{"line":270,"column":71}},"140":{"start":{"line":273,"column":8},"end":{"line":289,"column":9}},"141":{"start":{"line":274,"column":26},"end":{"line":274,"column":97}},"142":{"start":{"line":275,"column":12},"end":{"line":277,"column":13}},"143":{"start":{"line":276,"column":16},"end":{"line":276,"column":85}},"144":{"start":{"line":278,"column":12},"end":{"line":280,"column":13}},"145":{"start":{"line":279,"column":16},"end":{"line":279,"column":35}},"146":{"start":{"line":281,"column":12},"end":{"line":281,"column":40}},"147":{"start":{"line":282,"column":12},"end":{"line":284,"column":93}},"148":{"start":{"line":286,"column":12},"end":{"line":288,"column":88}},"149":{"start":{"line":291,"column":8},"end":{"line":297,"column":9}},"150":{"start":{"line":292,"column":12},"end":{"line":296,"column":15}},"151":{"start":{"line":299,"column":8},"end":{"line":299,"column":74}},"152":{"start":{"line":301,"column":28},"end":{"line":301,"column":67}},"153":{"start":{"line":302,"column":8},"end":{"line":302,"column":69}},"154":{"start":{"line":303,"column":8},"end":{"line":305,"column":9}},"155":{"start":{"line":304,"column":12},"end":{"line":304,"column":68}},"156":{"start":{"line":307,"column":8},"end":{"line":307,"column":42}},"157":{"start":{"line":309,"column":8},"end":{"line":309,"column":20}},"158":{"start":{"line":313,"column":20},"end":{"line":469,"column":1}},"159":{"start":{"line":314,"column":4},"end":{"line":468,"column":5}},"160":{"start":{"line":315,"column":38},"end":{"line":315,"column":48}},"161":{"start":{"line":316,"column":25},"end":{"line":316,"column":33}},"162":{"start":{"line":317,"column":23},"end":{"line":317,"column":48}},"163":{"start":{"line":319,"column":8},"end":{"line":321,"column":9}},"164":{"start":{"line":320,"column":12},"end":{"line":320,"column":74}},"165":{"start":{"line":323,"column":21},"end":{"line":325,"column":51}},"166":{"start":{"line":326,"column":8},"end":{"line":328,"column":9}},"167":{"start":{"line":327,"column":12},"end":{"line":327,"column":71}},"168":{"start":{"line":330,"column":30},"end":{"line":333,"column":9}},"169":{"start":{"line":334,"column":8},"end":{"line":336,"column":9}},"170":{"start":{"line":335,"column":12},"end":{"line":335,"column":74}},"171":{"start":{"line":338,"column":27},"end":{"line":340,"column":19}},"172":{"start":{"line":339,"column":52},"end":{"line":339,"column":69}},"173":{"start":{"line":341,"column":29},"end":{"line":343,"column":19}},"174":{"start":{"line":342,"column":54},"end":{"line":342,"column":71}},"175":{"start":{"line":348,"column":27},"end":{"line":350,"column":9}},"176":{"start":{"line":349,"column":19},"end":{"line":349,"column":65}},"177":{"start":{"line":352,"column":23},"end":{"line":354,"column":43}},"178":{"start":{"line":356,"column":8},"end":{"line":451,"column":9}},"179":{"start":{"line":358,"column":12},"end":{"line":405,"column":13}},"180":{"start":{"line":359,"column":16},"end":{"line":383,"column":17}},"181":{"start":{"line":361,"column":20},"end":{"line":364,"column":23}},"182":{"start":{"line":367,"column":20},"end":{"line":372,"column":21}},"183":{"start":{"line":368,"column":24},"end":{"line":371,"column":27}},"184":{"start":{"line":374,"column":20},"end":{"line":377,"column":23}},"185":{"start":{"line":378,"column":20},"end":{"line":382,"column":21}},"186":{"start":{"line":379,"column":24},"end":{"line":381,"column":27}},"187":{"start":{"line":385,"column":16},"end":{"line":404,"column":17}},"188":{"start":{"line":387,"column":20},"end":{"line":390,"column":23}},"189":{"start":{"line":393,"column":20},"end":{"line":398,"column":21}},"190":{"start":{"line":394,"column":24},"end":{"line":397,"column":27}},"191":{"start":{"line":400,"column":20},"end":{"line":403,"column":23}},"192":{"start":{"line":408,"column":12},"end":{"line":447,"column":13}},"193":{"start":{"line":409,"column":16},"end":{"line":429,"column":17}},"194":{"start":{"line":410,"column":20},"end":{"line":410,"column":73}},"195":{"start":{"line":411,"column":20},"end":{"line":413,"column":22}},"196":{"start":{"line":412,"column":32},"end":{"line":412,"column":50}},"197":{"start":{"line":415,"column":20},"end":{"line":420,"column":21}},"198":{"start":{"line":416,"column":24},"end":{"line":416,"column":77}},"199":{"start":{"line":417,"column":24},"end":{"line":419,"column":26}},"200":{"start":{"line":418,"column":36},"end":{"line":418,"column":54}},"201":{"start":{"line":421,"column":20},"end":{"line":421,"column":73}},"202":{"start":{"line":422,"column":20},"end":{"line":422,"column":81}},"203":{"start":{"line":422,"column":51},"end":{"line":422,"column":81}},"204":{"start":{"line":423,"column":20},"end":{"line":423,"column":58}},"205":{"start":{"line":424,"column":20},"end":{"line":428,"column":21}},"206":{"start":{"line":425,"column":24},"end":{"line":427,"column":27}},"207":{"start":{"line":431,"column":16},"end":{"line":446,"column":17}},"208":{"start":{"line":432,"column":20},"end":{"line":432,"column":73}},"209":{"start":{"line":433,"column":20},"end":{"line":435,"column":22}},"210":{"start":{"line":434,"column":32},"end":{"line":434,"column":50}},"211":{"start":{"line":437,"column":20},"end":{"line":442,"column":21}},"212":{"start":{"line":438,"column":24},"end":{"line":438,"column":77}},"213":{"start":{"line":439,"column":24},"end":{"line":441,"column":26}},"214":{"start":{"line":440,"column":36},"end":{"line":440,"column":54}},"215":{"start":{"line":443,"column":20},"end":{"line":443,"column":73}},"216":{"start":{"line":444,"column":20},"end":{"line":444,"column":85}},"217":{"start":{"line":444,"column":53},"end":{"line":444,"column":85}},"218":{"start":{"line":445,"column":20},"end":{"line":445,"column":60}},"219":{"start":{"line":448,"column":12},"end":{"line":450,"column":74}},"220":{"start":{"line":453,"column":8},"end":{"line":457,"column":9}},"221":{"start":{"line":454,"column":12},"end":{"line":454,"column":80}},"222":{"start":{"line":455,"column":15},"end":{"line":457,"column":9}},"223":{"start":{"line":456,"column":12},"end":{"line":456,"column":80}},"224":{"start":{"line":459,"column":28},"end":{"line":459,"column":71}},"225":{"start":{"line":460,"column":8},"end":{"line":460,"column":69}},"226":{"start":{"line":461,"column":8},"end":{"line":463,"column":9}},"227":{"start":{"line":462,"column":12},"end":{"line":462,"column":68}},"228":{"start":{"line":465,"column":8},"end":{"line":465,"column":42}},"229":{"start":{"line":467,"column":8},"end":{"line":467,"column":20}},"230":{"start":{"line":471,"column":21},"end":{"line":496,"column":1}},"231":{"start":{"line":472,"column":4},"end":{"line":495,"column":5}},"232":{"start":{"line":473,"column":23},"end":{"line":473,"column":33}},"233":{"start":{"line":474,"column":23},"end":{"line":474,"column":48}},"234":{"start":{"line":475,"column":21},"end":{"line":475,"column":48}},"235":{"start":{"line":476,"column":8},"end":{"line":478,"column":9}},"236":{"start":{"line":477,"column":12},"end":{"line":477,"column":71}},"237":{"start":{"line":480,"column":29},"end":{"line":480,"column":45}},"238":{"start":{"line":482,"column":12},"end":{"line":483,"column":79}},"239":{"start":{"line":483,"column":51},"end":{"line":483,"column":78}},"240":{"start":{"line":485,"column":8},"end":{"line":490,"column":10}},"241":{"start":{"line":492,"column":8},"end":{"line":492,"column":60}},"242":{"start":{"line":494,"column":8},"end":{"line":494,"column":20}},"243":{"start":{"line":498,"column":19},"end":{"line":512,"column":1}},"244":{"start":{"line":499,"column":4},"end":{"line":511,"column":5}},"245":{"start":{"line":500,"column":23},"end":{"line":500,"column":33}},"246":{"start":{"line":501,"column":27},"end":{"line":501,"column":35}},"247":{"start":{"line":503,"column":8},"end":{"line":507,"column":11}},"248":{"start":{"line":508,"column":8},"end":{"line":508,"column":72}},"249":{"start":{"line":510,"column":8},"end":{"line":510,"column":20}},"250":{"start":{"line":514,"column":22},"end":{"line":552,"column":1}},"251":{"start":{"line":515,"column":4},"end":{"line":551,"column":5}},"252":{"start":{"line":516,"column":23},"end":{"line":516,"column":33}},"253":{"start":{"line":517,"column":23},"end":{"line":517,"column":52}},"254":{"start":{"line":519,"column":8},"end":{"line":546,"column":9}},"255":{"start":{"line":520,"column":24},"end":{"line":520,"column":44}},"256":{"start":{"line":521,"column":25},"end":{"line":523,"column":51}},"257":{"start":{"line":525,"column":12},"end":{"line":527,"column":13}},"258":{"start":{"line":526,"column":16},"end":{"line":526,"column":75}},"259":{"start":{"line":529,"column":29},"end":{"line":529,"column":49}},"260":{"start":{"line":530,"column":34},"end":{"line":530,"column":69}},"261":{"start":{"line":530,"column":55},"end":{"line":530,"column":68}},"262":{"start":{"line":532,"column":12},"end":{"line":534,"column":13}},"263":{"start":{"line":533,"column":16},"end":{"line":533,"column":82}},"264":{"start":{"line":536,"column":12},"end":{"line":541,"column":18}},"265":{"start":{"line":543,"column":12},"end":{"line":545,"column":78}},"266":{"start":{"line":548,"column":8},"end":{"line":548,"column":68}},"267":{"start":{"line":550,"column":8},"end":{"line":550,"column":20}},"268":{"start":{"line":554,"column":0},"end":{"line":568,"column":2}}},"fnMap":{"0":{"name":"(anonymous_0)","decl":{"start":{"line":9,"column":20},"end":{"line":9,"column":21}},"loc":{"start":{"line":9,"column":46},"end":{"line":30,"column":1}},"line":9},"1":{"name":"(anonymous_1)","decl":{"start":{"line":16,"column":29},"end":{"line":16,"column":30}},"loc":{"start":{"line":16,"column":39},"end":{"line":19,"column":9}},"line":16},"2":{"name":"(anonymous_2)","decl":{"start":{"line":32,"column":20},"end":{"line":32,"column":21}},"loc":{"start":{"line":32,"column":46},"end":{"line":61,"column":1}},"line":32},"3":{"name":"(anonymous_3)","decl":{"start":{"line":63,"column":27},"end":{"line":63,"column":28}},"loc":{"start":{"line":63,"column":53},"end":{"line":88,"column":1}},"line":63},"4":{"name":"(anonymous_4)","decl":{"start":{"line":90,"column":26},"end":{"line":90,"column":27}},"loc":{"start":{"line":90,"column":52},"end":{"line":120,"column":1}},"line":90},"5":{"name":"(anonymous_5)","decl":{"start":{"line":114,"column":24},"end":{"line":114,"column":25}},"loc":{"start":{"line":114,"column":35},"end":{"line":114,"column":79}},"line":114},"6":{"name":"(anonymous_6)","decl":{"start":{"line":122,"column":19},"end":{"line":122,"column":20}},"loc":{"start":{"line":122,"column":45},"end":{"line":146,"column":1}},"line":122},"7":{"name":"(anonymous_7)","decl":{"start":{"line":148,"column":19},"end":{"line":148,"column":20}},"loc":{"start":{"line":148,"column":45},"end":{"line":182,"column":1}},"line":148},"8":{"name":"(anonymous_8)","decl":{"start":{"line":184,"column":19},"end":{"line":184,"column":20}},"loc":{"start":{"line":184,"column":45},"end":{"line":206,"column":1}},"line":184},"9":{"name":"(anonymous_9)","decl":{"start":{"line":208,"column":17},"end":{"line":208,"column":18}},"loc":{"start":{"line":208,"column":43},"end":{"line":246,"column":1}},"line":208},"10":{"name":"(anonymous_10)","decl":{"start":{"line":248,"column":25},"end":{"line":248,"column":26}},"loc":{"start":{"line":248,"column":51},"end":{"line":311,"column":1}},"line":248},"11":{"name":"(anonymous_11)","decl":{"start":{"line":313,"column":20},"end":{"line":313,"column":21}},"loc":{"start":{"line":313,"column":46},"end":{"line":469,"column":1}},"line":313},"12":{"name":"(anonymous_12)","decl":{"start":{"line":339,"column":44},"end":{"line":339,"column":45}},"loc":{"start":{"line":339,"column":52},"end":{"line":339,"column":69}},"line":339},"13":{"name":"(anonymous_13)","decl":{"start":{"line":342,"column":46},"end":{"line":342,"column":47}},"loc":{"start":{"line":342,"column":54},"end":{"line":342,"column":71}},"line":342},"14":{"name":"(anonymous_14)","decl":{"start":{"line":349,"column":12},"end":{"line":349,"column":13}},"loc":{"start":{"line":349,"column":19},"end":{"line":349,"column":65}},"line":349},"15":{"name":"(anonymous_15)","decl":{"start":{"line":412,"column":24},"end":{"line":412,"column":25}},"loc":{"start":{"line":412,"column":32},"end":{"line":412,"column":50}},"line":412},"16":{"name":"(anonymous_16)","decl":{"start":{"line":418,"column":28},"end":{"line":418,"column":29}},"loc":{"start":{"line":418,"column":36},"end":{"line":418,"column":54}},"line":418},"17":{"name":"(anonymous_17)","decl":{"start":{"line":434,"column":24},"end":{"line":434,"column":25}},"loc":{"start":{"line":434,"column":32},"end":{"line":434,"column":50}},"line":434},"18":{"name":"(anonymous_18)","decl":{"start":{"line":440,"column":28},"end":{"line":440,"column":29}},"loc":{"start":{"line":440,"column":36},"end":{"line":440,"column":54}},"line":440},"19":{"name":"(anonymous_19)","decl":{"start":{"line":471,"column":21},"end":{"line":471,"column":22}},"loc":{"start":{"line":471,"column":47},"end":{"line":496,"column":1}},"line":471},"20":{"name":"(anonymous_20)","decl":{"start":{"line":483,"column":39},"end":{"line":483,"column":40}},"loc":{"start":{"line":483,"column":51},"end":{"line":483,"column":78}},"line":483},"21":{"name":"(anonymous_21)","decl":{"start":{"line":498,"column":19},"end":{"line":498,"column":20}},"loc":{"start":{"line":498,"column":45},"end":{"line":512,"column":1}},"line":498},"22":{"name":"(anonymous_22)","decl":{"start":{"line":514,"column":22},"end":{"line":514,"column":23}},"loc":{"start":{"line":514,"column":48},"end":{"line":552,"column":1}},"line":514},"23":{"name":"(anonymous_23)","decl":{"start":{"line":530,"column":48},"end":{"line":530,"column":49}},"loc":{"start":{"line":530,"column":55},"end":{"line":530,"column":68}},"line":530}},"branchMap":{"0":{"loc":{"start":{"line":11,"column":21},"end":{"line":11,"column":54}},"type":"binary-expr","locations":[{"start":{"line":11,"column":21},"end":{"line":11,"column":49}},{"start":{"line":11,"column":53},"end":{"line":11,"column":54}}],"line":11},"1":{"loc":{"start":{"line":12,"column":22},"end":{"line":12,"column":57}},"type":"binary-expr","locations":[{"start":{"line":12,"column":22},"end":{"line":12,"column":51}},{"start":{"line":12,"column":55},"end":{"line":12,"column":57}}],"line":12},"2":{"loc":{"start":{"line":18,"column":48},"end":{"line":18,"column":77}},"type":"cond-expr","locations":[{"start":{"line":18,"column":59},"end":{"line":18,"column":70}},{"start":{"line":18,"column":73},"end":{"line":18,"column":77}}],"line":18},"3":{"loc":{"start":{"line":35,"column":29},"end":{"line":35,"column":70}},"type":"binary-expr","locations":[{"start":{"line":35,"column":29},"end":{"line":35,"column":65}},{"start":{"line":35,"column":69},"end":{"line":35,"column":70}}],"line":35},"4":{"loc":{"start":{"line":36,"column":30},"end":{"line":36,"column":72}},"type":"binary-expr","locations":[{"start":{"line":36,"column":30},"end":{"line":36,"column":67}},{"start":{"line":36,"column":71},"end":{"line":36,"column":72}}],"line":36},"5":{"loc":{"start":{"line":39,"column":8},"end":{"line":41,"column":9}},"type":"if","locations":[{"start":{"line":39,"column":8},"end":{"line":41,"column":9}},{"start":{},"end":{}}],"line":39},"6":{"loc":{"start":{"line":44,"column":30},"end":{"line":44,"column":70}},"type":"cond-expr","locations":[{"start":{"line":44,"column":46},"end":{"line":44,"column":66}},{"start":{"line":44,"column":69},"end":{"line":44,"column":70}}],"line":44},"7":{"loc":{"start":{"line":46,"column":8},"end":{"line":49,"column":9}},"type":"if","locations":[{"start":{"line":46,"column":8},"end":{"line":49,"column":9}},{"start":{},"end":{}}],"line":46},"8":{"loc":{"start":{"line":46,"column":12},"end":{"line":46,"column":53}},"type":"binary-expr","locations":[{"start":{"line":46,"column":12},"end":{"line":46,"column":25}},{"start":{"line":46,"column":29},"end":{"line":46,"column":53}}],"line":46},"9":{"loc":{"start":{"line":51,"column":44},"end":{"line":51,"column":73}},"type":"cond-expr","locations":[{"start":{"line":51,"column":55},"end":{"line":51,"column":66}},{"start":{"line":51,"column":69},"end":{"line":51,"column":73}}],"line":51},"10":{"loc":{"start":{"line":72,"column":8},"end":{"line":74,"column":9}},"type":"if","locations":[{"start":{"line":72,"column":8},"end":{"line":74,"column":9}},{"start":{},"end":{}}],"line":72},"11":{"loc":{"start":{"line":77,"column":8},"end":{"line":79,"column":9}},"type":"if","locations":[{"start":{"line":77,"column":8},"end":{"line":79,"column":9}},{"start":{},"end":{}}],"line":77},"12":{"loc":{"start":{"line":82,"column":54},"end":{"line":82,"column":83}},"type":"cond-expr","locations":[{"start":{"line":82,"column":65},"end":{"line":82,"column":76}},{"start":{"line":82,"column":79},"end":{"line":82,"column":83}}],"line":82},"13":{"loc":{"start":{"line":93,"column":23},"end":{"line":93,"column":52}},"type":"cond-expr","locations":[{"start":{"line":93,"column":34},"end":{"line":93,"column":45}},{"start":{"line":93,"column":48},"end":{"line":93,"column":52}}],"line":93},"14":{"loc":{"start":{"line":98,"column":8},"end":{"line":100,"column":9}},"type":"if","locations":[{"start":{"line":98,"column":8},"end":{"line":100,"column":9}},{"start":{},"end":{}}],"line":98},"15":{"loc":{"start":{"line":106,"column":8},"end":{"line":108,"column":9}},"type":"if","locations":[{"start":{"line":106,"column":8},"end":{"line":108,"column":9}},{"start":{},"end":{}}],"line":106},"16":{"loc":{"start":{"line":110,"column":24},"end":{"line":110,"column":51}},"type":"binary-expr","locations":[{"start":{"line":110,"column":24},"end":{"line":110,"column":45}},{"start":{"line":110,"column":49},"end":{"line":110,"column":51}}],"line":110},"17":{"loc":{"start":{"line":137,"column":35},"end":{"line":137,"column":67}},"type":"cond-expr","locations":[{"start":{"line":137,"column":49},"end":{"line":137,"column":62}},{"start":{"line":137,"column":65},"end":{"line":137,"column":67}}],"line":137},"18":{"loc":{"start":{"line":138,"column":8},"end":{"line":140,"column":9}},"type":"if","locations":[{"start":{"line":138,"column":8},"end":{"line":140,"column":9}},{"start":{},"end":{}}],"line":138},"19":{"loc":{"start":{"line":157,"column":8},"end":{"line":159,"column":9}},"type":"if","locations":[{"start":{"line":157,"column":8},"end":{"line":159,"column":9}},{"start":{},"end":{}}],"line":157},"20":{"loc":{"start":{"line":160,"column":8},"end":{"line":162,"column":9}},"type":"if","locations":[{"start":{"line":160,"column":8},"end":{"line":162,"column":9}},{"start":{},"end":{}}],"line":160},"21":{"loc":{"start":{"line":173,"column":35},"end":{"line":173,"column":67}},"type":"cond-expr","locations":[{"start":{"line":173,"column":49},"end":{"line":173,"column":62}},{"start":{"line":173,"column":65},"end":{"line":173,"column":67}}],"line":173},"22":{"loc":{"start":{"line":174,"column":8},"end":{"line":176,"column":9}},"type":"if","locations":[{"start":{"line":174,"column":8},"end":{"line":176,"column":9}},{"start":{},"end":{}}],"line":174},"23":{"loc":{"start":{"line":192,"column":8},"end":{"line":194,"column":9}},"type":"if","locations":[{"start":{"line":192,"column":8},"end":{"line":194,"column":9}},{"start":{},"end":{}}],"line":192},"24":{"loc":{"start":{"line":195,"column":8},"end":{"line":197,"column":9}},"type":"if","locations":[{"start":{"line":195,"column":8},"end":{"line":197,"column":9}},{"start":{},"end":{}}],"line":195},"25":{"loc":{"start":{"line":217,"column":8},"end":{"line":219,"column":9}},"type":"if","locations":[{"start":{"line":217,"column":8},"end":{"line":219,"column":9}},{"start":{},"end":{}}],"line":217},"26":{"loc":{"start":{"line":224,"column":8},"end":{"line":226,"column":9}},"type":"if","locations":[{"start":{"line":224,"column":8},"end":{"line":226,"column":9}},{"start":{},"end":{}}],"line":224},"27":{"loc":{"start":{"line":228,"column":8},"end":{"line":234,"column":9}},"type":"if","locations":[{"start":{"line":228,"column":8},"end":{"line":234,"column":9}},{"start":{},"end":{}}],"line":228},"28":{"loc":{"start":{"line":237,"column":35},"end":{"line":237,"column":67}},"type":"cond-expr","locations":[{"start":{"line":237,"column":49},"end":{"line":237,"column":62}},{"start":{"line":237,"column":65},"end":{"line":237,"column":67}}],"line":237},"29":{"loc":{"start":{"line":238,"column":8},"end":{"line":240,"column":9}},"type":"if","locations":[{"start":{"line":238,"column":8},"end":{"line":240,"column":9}},{"start":{},"end":{}}],"line":238},"30":{"loc":{"start":{"line":259,"column":25},"end":{"line":259,"column":42}},"type":"binary-expr","locations":[{"start":{"line":259,"column":25},"end":{"line":259,"column":36}},{"start":{"line":259,"column":40},"end":{"line":259,"column":42}}],"line":259},"31":{"loc":{"start":{"line":263,"column":22},"end":{"line":263,"column":62}},"type":"cond-expr","locations":[{"start":{"line":263,"column":33},"end":{"line":263,"column":55}},{"start":{"line":263,"column":58},"end":{"line":263,"column":62}}],"line":263},"32":{"loc":{"start":{"line":269,"column":8},"end":{"line":271,"column":9}},"type":"if","locations":[{"start":{"line":269,"column":8},"end":{"line":271,"column":9}},{"start":{},"end":{}}],"line":269},"33":{"loc":{"start":{"line":273,"column":8},"end":{"line":289,"column":9}},"type":"if","locations":[{"start":{"line":273,"column":8},"end":{"line":289,"column":9}},{"start":{"line":285,"column":15},"end":{"line":289,"column":9}}],"line":273},"34":{"loc":{"start":{"line":275,"column":12},"end":{"line":277,"column":13}},"type":"if","locations":[{"start":{"line":275,"column":12},"end":{"line":277,"column":13}},{"start":{},"end":{}}],"line":275},"35":{"loc":{"start":{"line":278,"column":12},"end":{"line":280,"column":13}},"type":"if","locations":[{"start":{"line":278,"column":12},"end":{"line":280,"column":13}},{"start":{},"end":{}}],"line":278},"36":{"loc":{"start":{"line":291,"column":8},"end":{"line":297,"column":9}},"type":"if","locations":[{"start":{"line":291,"column":8},"end":{"line":297,"column":9}},{"start":{},"end":{}}],"line":291},"37":{"loc":{"start":{"line":302,"column":35},"end":{"line":302,"column":67}},"type":"cond-expr","locations":[{"start":{"line":302,"column":49},"end":{"line":302,"column":62}},{"start":{"line":302,"column":65},"end":{"line":302,"column":67}}],"line":302},"38":{"loc":{"start":{"line":303,"column":8},"end":{"line":305,"column":9}},"type":"if","locations":[{"start":{"line":303,"column":8},"end":{"line":305,"column":9}},{"start":{},"end":{}}],"line":303},"39":{"loc":{"start":{"line":319,"column":8},"end":{"line":321,"column":9}},"type":"if","locations":[{"start":{"line":319,"column":8},"end":{"line":321,"column":9}},{"start":{},"end":{}}],"line":319},"40":{"loc":{"start":{"line":326,"column":8},"end":{"line":328,"column":9}},"type":"if","locations":[{"start":{"line":326,"column":8},"end":{"line":328,"column":9}},{"start":{},"end":{}}],"line":326},"41":{"loc":{"start":{"line":334,"column":8},"end":{"line":336,"column":9}},"type":"if","locations":[{"start":{"line":334,"column":8},"end":{"line":336,"column":9}},{"start":{},"end":{}}],"line":334},"42":{"loc":{"start":{"line":338,"column":27},"end":{"line":340,"column":19}},"type":"cond-expr","locations":[{"start":{"line":339,"column":14},"end":{"line":339,"column":70}},{"start":{"line":340,"column":14},"end":{"line":340,"column":19}}],"line":338},"43":{"loc":{"start":{"line":341,"column":29},"end":{"line":343,"column":19}},"type":"cond-expr","locations":[{"start":{"line":342,"column":14},"end":{"line":342,"column":72}},{"start":{"line":343,"column":14},"end":{"line":343,"column":19}}],"line":341},"44":{"loc":{"start":{"line":349,"column":19},"end":{"line":349,"column":65}},"type":"binary-expr","locations":[{"start":{"line":349,"column":19},"end":{"line":349,"column":24}},{"start":{"line":349,"column":28},"end":{"line":349,"column":65}}],"line":349},"45":{"loc":{"start":{"line":352,"column":23},"end":{"line":354,"column":43}},"type":"cond-expr","locations":[{"start":{"line":353,"column":14},"end":{"line":353,"column":84}},{"start":{"line":354,"column":14},"end":{"line":354,"column":43}}],"line":352},"46":{"loc":{"start":{"line":356,"column":8},"end":{"line":451,"column":9}},"type":"if","locations":[{"start":{"line":356,"column":8},"end":{"line":451,"column":9}},{"start":{"line":406,"column":15},"end":{"line":451,"column":9}}],"line":356},"47":{"loc":{"start":{"line":358,"column":12},"end":{"line":405,"column":13}},"type":"if","locations":[{"start":{"line":358,"column":12},"end":{"line":405,"column":13}},{"start":{"line":384,"column":19},"end":{"line":405,"column":13}}],"line":358},"48":{"loc":{"start":{"line":359,"column":16},"end":{"line":383,"column":17}},"type":"if","locations":[{"start":{"line":359,"column":16},"end":{"line":383,"column":17}},{"start":{"line":365,"column":23},"end":{"line":383,"column":17}}],"line":359},"49":{"loc":{"start":{"line":367,"column":20},"end":{"line":372,"column":21}},"type":"if","locations":[{"start":{"line":367,"column":20},"end":{"line":372,"column":21}},{"start":{},"end":{}}],"line":367},"50":{"loc":{"start":{"line":378,"column":20},"end":{"line":382,"column":21}},"type":"if","locations":[{"start":{"line":378,"column":20},"end":{"line":382,"column":21}},{"start":{},"end":{}}],"line":378},"51":{"loc":{"start":{"line":385,"column":16},"end":{"line":404,"column":17}},"type":"if","locations":[{"start":{"line":385,"column":16},"end":{"line":404,"column":17}},{"start":{"line":391,"column":23},"end":{"line":404,"column":17}}],"line":385},"52":{"loc":{"start":{"line":393,"column":20},"end":{"line":398,"column":21}},"type":"if","locations":[{"start":{"line":393,"column":20},"end":{"line":398,"column":21}},{"start":{},"end":{}}],"line":393},"53":{"loc":{"start":{"line":408,"column":12},"end":{"line":447,"column":13}},"type":"if","locations":[{"start":{"line":408,"column":12},"end":{"line":447,"column":13}},{"start":{"line":430,"column":19},"end":{"line":447,"column":13}}],"line":408},"54":{"loc":{"start":{"line":409,"column":16},"end":{"line":429,"column":17}},"type":"if","locations":[{"start":{"line":409,"column":16},"end":{"line":429,"column":17}},{"start":{"line":414,"column":23},"end":{"line":429,"column":17}}],"line":409},"55":{"loc":{"start":{"line":410,"column":43},"end":{"line":410,"column":67}},"type":"binary-expr","locations":[{"start":{"line":410,"column":43},"end":{"line":410,"column":62}},{"start":{"line":410,"column":66},"end":{"line":410,"column":67}}],"line":410},"56":{"loc":{"start":{"line":411,"column":48},"end":{"line":411,"column":78}},"type":"binary-expr","locations":[{"start":{"line":411,"column":48},"end":{"line":411,"column":72}},{"start":{"line":411,"column":76},"end":{"line":411,"column":78}}],"line":411},"57":{"loc":{"start":{"line":415,"column":20},"end":{"line":420,"column":21}},"type":"if","locations":[{"start":{"line":415,"column":20},"end":{"line":420,"column":21}},{"start":{},"end":{}}],"line":415},"58":{"loc":{"start":{"line":416,"column":47},"end":{"line":416,"column":71}},"type":"binary-expr","locations":[{"start":{"line":416,"column":47},"end":{"line":416,"column":66}},{"start":{"line":416,"column":70},"end":{"line":416,"column":71}}],"line":416},"59":{"loc":{"start":{"line":417,"column":54},"end":{"line":417,"column":86}},"type":"binary-expr","locations":[{"start":{"line":417,"column":54},"end":{"line":417,"column":80}},{"start":{"line":417,"column":84},"end":{"line":417,"column":86}}],"line":417},"60":{"loc":{"start":{"line":421,"column":43},"end":{"line":421,"column":67}},"type":"binary-expr","locations":[{"start":{"line":421,"column":43},"end":{"line":421,"column":62}},{"start":{"line":421,"column":66},"end":{"line":421,"column":67}}],"line":421},"61":{"loc":{"start":{"line":422,"column":20},"end":{"line":422,"column":81}},"type":"if","locations":[{"start":{"line":422,"column":20},"end":{"line":422,"column":81}},{"start":{},"end":{}}],"line":422},"62":{"loc":{"start":{"line":424,"column":20},"end":{"line":428,"column":21}},"type":"if","locations":[{"start":{"line":424,"column":20},"end":{"line":428,"column":21}},{"start":{},"end":{}}],"line":424},"63":{"loc":{"start":{"line":431,"column":16},"end":{"line":446,"column":17}},"type":"if","locations":[{"start":{"line":431,"column":16},"end":{"line":446,"column":17}},{"start":{"line":436,"column":23},"end":{"line":446,"column":17}}],"line":431},"64":{"loc":{"start":{"line":432,"column":43},"end":{"line":432,"column":67}},"type":"binary-expr","locations":[{"start":{"line":432,"column":43},"end":{"line":432,"column":62}},{"start":{"line":432,"column":66},"end":{"line":432,"column":67}}],"line":432},"65":{"loc":{"start":{"line":433,"column":50},"end":{"line":433,"column":82}},"type":"binary-expr","locations":[{"start":{"line":433,"column":50},"end":{"line":433,"column":76}},{"start":{"line":433,"column":80},"end":{"line":433,"column":82}}],"line":433},"66":{"loc":{"start":{"line":437,"column":20},"end":{"line":442,"column":21}},"type":"if","locations":[{"start":{"line":437,"column":20},"end":{"line":442,"column":21}},{"start":{},"end":{}}],"line":437},"67":{"loc":{"start":{"line":438,"column":47},"end":{"line":438,"column":71}},"type":"binary-expr","locations":[{"start":{"line":438,"column":47},"end":{"line":438,"column":66}},{"start":{"line":438,"column":70},"end":{"line":438,"column":71}}],"line":438},"68":{"loc":{"start":{"line":439,"column":52},"end":{"line":439,"column":82}},"type":"binary-expr","locations":[{"start":{"line":439,"column":52},"end":{"line":439,"column":76}},{"start":{"line":439,"column":80},"end":{"line":439,"column":82}}],"line":439},"69":{"loc":{"start":{"line":443,"column":43},"end":{"line":443,"column":67}},"type":"binary-expr","locations":[{"start":{"line":443,"column":43},"end":{"line":443,"column":62}},{"start":{"line":443,"column":66},"end":{"line":443,"column":67}}],"line":443},"70":{"loc":{"start":{"line":444,"column":20},"end":{"line":444,"column":85}},"type":"if","locations":[{"start":{"line":444,"column":20},"end":{"line":444,"column":85}},{"start":{},"end":{}}],"line":444},"71":{"loc":{"start":{"line":453,"column":8},"end":{"line":457,"column":9}},"type":"if","locations":[{"start":{"line":453,"column":8},"end":{"line":457,"column":9}},{"start":{"line":455,"column":15},"end":{"line":457,"column":9}}],"line":453},"72":{"loc":{"start":{"line":453,"column":12},"end":{"line":453,"column":40}},"type":"binary-expr","locations":[{"start":{"line":453,"column":12},"end":{"line":453,"column":23}},{"start":{"line":453,"column":27},"end":{"line":453,"column":40}}],"line":453},"73":{"loc":{"start":{"line":455,"column":15},"end":{"line":457,"column":9}},"type":"if","locations":[{"start":{"line":455,"column":15},"end":{"line":457,"column":9}},{"start":{},"end":{}}],"line":455},"74":{"loc":{"start":{"line":455,"column":19},"end":{"line":455,"column":51}},"type":"binary-expr","locations":[{"start":{"line":455,"column":19},"end":{"line":455,"column":32}},{"start":{"line":455,"column":36},"end":{"line":455,"column":51}}],"line":455},"75":{"loc":{"start":{"line":460,"column":35},"end":{"line":460,"column":67}},"type":"cond-expr","locations":[{"start":{"line":460,"column":49},"end":{"line":460,"column":62}},{"start":{"line":460,"column":65},"end":{"line":460,"column":67}}],"line":460},"76":{"loc":{"start":{"line":461,"column":8},"end":{"line":463,"column":9}},"type":"if","locations":[{"start":{"line":461,"column":8},"end":{"line":463,"column":9}},{"start":{},"end":{}}],"line":461},"77":{"loc":{"start":{"line":476,"column":8},"end":{"line":478,"column":9}},"type":"if","locations":[{"start":{"line":476,"column":8},"end":{"line":478,"column":9}},{"start":{},"end":{}}],"line":476},"78":{"loc":{"start":{"line":482,"column":12},"end":{"line":483,"column":79}},"type":"binary-expr","locations":[{"start":{"line":482,"column":12},"end":{"line":482,"column":33}},{"start":{"line":483,"column":12},"end":{"line":483,"column":79}}],"line":482},"79":{"loc":{"start":{"line":487,"column":12},"end":{"line":489,"column":63}},"type":"cond-expr","locations":[{"start":{"line":488,"column":18},"end":{"line":488,"column":63}},{"start":{"line":489,"column":18},"end":{"line":489,"column":63}}],"line":487},"80":{"loc":{"start":{"line":506,"column":20},"end":{"line":506,"column":50}},"type":"binary-expr","locations":[{"start":{"line":506,"column":20},"end":{"line":506,"column":26}},{"start":{"line":506,"column":30},"end":{"line":506,"column":50}}],"line":506},"81":{"loc":{"start":{"line":517,"column":23},"end":{"line":517,"column":52}},"type":"cond-expr","locations":[{"start":{"line":517,"column":34},"end":{"line":517,"column":45}},{"start":{"line":517,"column":48},"end":{"line":517,"column":52}}],"line":517},"82":{"loc":{"start":{"line":519,"column":8},"end":{"line":546,"column":9}},"type":"if","locations":[{"start":{"line":519,"column":8},"end":{"line":546,"column":9}},{"start":{"line":542,"column":15},"end":{"line":546,"column":9}}],"line":519},"83":{"loc":{"start":{"line":525,"column":12},"end":{"line":527,"column":13}},"type":"if","locations":[{"start":{"line":525,"column":12},"end":{"line":527,"column":13}},{"start":{},"end":{}}],"line":525},"84":{"loc":{"start":{"line":529,"column":29},"end":{"line":529,"column":49}},"type":"binary-expr","locations":[{"start":{"line":529,"column":29},"end":{"line":529,"column":43}},{"start":{"line":529,"column":47},"end":{"line":529,"column":49}}],"line":529},"85":{"loc":{"start":{"line":532,"column":12},"end":{"line":534,"column":13}},"type":"if","locations":[{"start":{"line":532,"column":12},"end":{"line":534,"column":13}},{"start":{},"end":{}}],"line":532}},"s":{"0":6,"1":6,"2":6,"3":6,"4":6,"5":6,"6":6,"7":6,"8":6,"9":6,"10":6,"11":6,"12":5,"13":5,"14":3,"15":3,"16":5,"17":1,"18":6,"19":4,"20":4,"21":4,"22":4,"23":4,"24":4,"25":1,"26":3,"27":3,"28":3,"29":2,"30":2,"31":3,"32":3,"33":3,"34":3,"35":3,"36":3,"37":0,"38":6,"39":2,"40":2,"41":2,"42":2,"43":2,"44":1,"45":1,"46":1,"47":0,"48":1,"49":1,"50":1,"51":0,"52":6,"53":4,"54":4,"55":4,"56":4,"57":4,"58":2,"59":2,"60":2,"61":1,"62":1,"63":1,"64":1,"65":1,"66":1,"67":0,"68":1,"69":0,"70":6,"71":5,"72":5,"73":5,"74":5,"75":4,"76":4,"77":4,"78":4,"79":4,"80":1,"81":6,"82":4,"83":4,"84":4,"85":4,"86":4,"87":4,"88":1,"89":3,"90":1,"91":2,"92":2,"93":2,"94":2,"95":2,"96":2,"97":0,"98":6,"99":4,"100":4,"101":4,"102":4,"103":4,"104":1,"105":3,"106":1,"107":2,"108":2,"109":0,"110":6,"111":4,"112":4,"113":4,"114":4,"115":4,"116":4,"117":1,"118":3,"119":3,"120":3,"121":2,"122":3,"123":1,"124":3,"125":3,"126":3,"127":3,"128":3,"129":0,"130":6,"131":5,"132":5,"133":5,"134":5,"135":5,"136":5,"137":5,"138":5,"139":0,"140":5,"141":3,"142":3,"143":1,"144":2,"145":0,"146":2,"147":2,"148":2,"149":4,"150":2,"151":4,"152":4,"153":4,"154":4,"155":4,"156":4,"157":0,"158":6,"159":4,"160":4,"161":4,"162":4,"163":4,"164":1,"165":3,"166":3,"167":0,"168":3,"169":3,"170":1,"171":2,"172":0,"173":2,"174":0,"175":2,"176":2,"177":2,"178":2,"179":2,"180":1,"181":0,"182":1,"183":0,"184":1,"185":1,"186":1,"187":1,"188":0,"189":1,"190":0,"191":1,"192":0,"193":0,"194":0,"195":0,"196":0,"197":0,"198":0,"199":0,"200":0,"201":0,"202":0,"203":0,"204":0,"205":0,"206":0,"207":0,"208":0,"209":0,"210":0,"211":0,"212":0,"213":0,"214":0,"215":0,"216":0,"217":0,"218":0,"219":0,"220":2,"221":1,"222":1,"223":1,"224":2,"225":2,"226":2,"227":2,"228":2,"229":0,"230":6,"231":3,"232":3,"233":3,"234":3,"235":3,"236":1,"237":2,"238":2,"239":1,"240":2,"241":2,"242":0,"243":6,"244":2,"245":2,"246":2,"247":2,"248":2,"249":0,"250":6,"251":7,"252":7,"253":7,"254":7,"255":6,"256":6,"257":6,"258":1,"259":5,"260":5,"261":3,"262":5,"263":3,"264":2,"265":1,"266":3,"267":0,"268":6},"f":{"0":6,"1":3,"2":4,"3":2,"4":4,"5":0,"6":5,"7":4,"8":4,"9":4,"10":5,"11":4,"12":0,"13":0,"14":2,"15":0,"16":0,"17":0,"18":0,"19":3,"20":1,"21":2,"22":7,"23":3},"b":{"0":[6,4],"1":[6,4],"2":[3,0],"3":[4,3],"4":[4,3],"5":[1,3],"6":[3,0],"7":[2,1],"8":[3,3],"9":[3,0],"10":[1,1],"11":[0,1],"12":[1,0],"13":[3,1],"14":[2,2],"15":[1,1],"16":[1,0],"17":[4,0],"18":[4,0],"19":[1,3],"20":[1,2],"21":[2,0],"22":[2,0],"23":[1,3],"24":[1,2],"25":[1,3],"26":[2,1],"27":[1,2],"28":[3,0],"29":[3,0],"30":[5,5],"31":[3,2],"32":[0,5],"33":[3,2],"34":[1,2],"35":[0,2],"36":[2,2],"37":[4,0],"38":[4,0],"39":[1,3],"40":[0,3],"41":[1,2],"42":[2,0],"43":[2,0],"44":[2,2],"45":[2,0],"46":[2,0],"47":[1,1],"48":[0,1],"49":[0,1],"50":[1,0],"51":[0,1],"52":[0,1],"53":[0,0],"54":[0,0],"55":[0,0],"56":[0,0],"57":[0,0],"58":[0,0],"59":[0,0],"60":[0,0],"61":[0,0],"62":[0,0],"63":[0,0],"64":[0,0],"65":[0,0],"66":[0,0],"67":[0,0],"68":[0,0],"69":[0,0],"70":[0,0],"71":[1,1],"72":[2,2],"73":[1,0],"74":[1,1],"75":[2,0],"76":[2,0],"77":[1,2],"78":[2,2],"79":[1,1],"80":[2,1],"81":[6,1],"82":[6,1],"83":[1,5],"84":[5,0],"85":[3,2]},"inputSourceMap":null,"_coverageSchema":"1a1c01bbd47fc00a2c39e90264f33305004495a9","hash":"32996eb05ca348ccd9c757b23df3daf2f2dad2b9"}
,"/home/juancitux/Documents/WORKCODILE/Workcodile-dev/backend/src/controllers/settingsController.js": {"path":"/home/juancitux/Documents/WORKCODILE/Workcodile-dev/backend/src/controllers/settingsController.js","statementMap":{"0":{"start":{"line":1,"column":17},"end":{"line":1,"column":46}},"1":{"start":{"line":2,"column":13},"end":{"line":2,"column":38}},"2":{"start":{"line":4,"column":20},"end":{"line":15,"column":1}},"3":{"start":{"line":5,"column":4},"end":{"line":14,"column":5}},"4":{"start":{"line":6,"column":23},"end":{"line":6,"column":68}},"5":{"start":{"line":7,"column":8},"end":{"line":10,"column":9}},"6":{"start":{"line":8,"column":12},"end":{"line":8,"column":59}},"7":{"start":{"line":9,"column":12},"end":{"line":9,"column":34}},"8":{"start":{"line":11,"column":8},"end":{"line":11,"column":27}},"9":{"start":{"line":13,"column":8},"end":{"line":13,"column":18}},"10":{"start":{"line":17,"column":23},"end":{"line":72,"column":1}},"11":{"start":{"line":18,"column":55},"end":{"line":18,"column":63}},"12":{"start":{"line":20,"column":33},"end":{"line":20,"column":83}},"13":{"start":{"line":21,"column":27},"end":{"line":21,"column":91}},"14":{"start":{"line":22,"column":27},"end":{"line":22,"column":43}},"15":{"start":{"line":23,"column":25},"end":{"line":23,"column":46}},"16":{"start":{"line":25,"column":23},"end":{"line":34,"column":5}},"17":{"start":{"line":26,"column":8},"end":{"line":26,"column":61}},"18":{"start":{"line":26,"column":50},"end":{"line":26,"column":60}},"19":{"start":{"line":27,"column":25},"end":{"line":27,"column":27}},"20":{"start":{"line":28,"column":8},"end":{"line":32,"column":9}},"21":{"start":{"line":29,"column":12},"end":{"line":31,"column":13}},"22":{"start":{"line":30,"column":16},"end":{"line":30,"column":43}},"23":{"start":{"line":33,"column":8},"end":{"line":33,"column":24}},"24":{"start":{"line":36,"column":4},"end":{"line":71,"column":5}},"25":{"start":{"line":37,"column":25},"end":{"line":37,"column":70}},"26":{"start":{"line":38,"column":8},"end":{"line":40,"column":9}},"27":{"start":{"line":39,"column":12},"end":{"line":39,"column":75}},"28":{"start":{"line":42,"column":8},"end":{"line":47,"column":9}},"29":{"start":{"line":43,"column":12},"end":{"line":46,"column":14}},"30":{"start":{"line":48,"column":8},"end":{"line":53,"column":9}},"31":{"start":{"line":49,"column":12},"end":{"line":52,"column":14}},"32":{"start":{"line":54,"column":8},"end":{"line":59,"column":9}},"33":{"start":{"line":55,"column":12},"end":{"line":58,"column":14}},"34":{"start":{"line":60,"column":8},"end":{"line":65,"column":9}},"35":{"start":{"line":61,"column":12},"end":{"line":64,"column":14}},"36":{"start":{"line":67,"column":8},"end":{"line":67,"column":30}},"37":{"start":{"line":68,"column":8},"end":{"line":68,"column":27}},"38":{"start":{"line":70,"column":8},"end":{"line":70,"column":18}},"39":{"start":{"line":74,"column":28},"end":{"line":84,"column":1}},"40":{"start":{"line":75,"column":4},"end":{"line":83,"column":5}},"41":{"start":{"line":76,"column":21},"end":{"line":76,"column":80}},"42":{"start":{"line":77,"column":8},"end":{"line":79,"column":9}},"43":{"start":{"line":78,"column":12},"end":{"line":78,"column":71}},"44":{"start":{"line":80,"column":8},"end":{"line":80,"column":40}},"45":{"start":{"line":82,"column":8},"end":{"line":82,"column":18}},"46":{"start":{"line":86,"column":27},"end":{"line":102,"column":1}},"47":{"start":{"line":87,"column":25},"end":{"line":87,"column":33}},"48":{"start":{"line":88,"column":4},"end":{"line":101,"column":5}},"49":{"start":{"line":89,"column":21},"end":{"line":89,"column":53}},"50":{"start":{"line":90,"column":8},"end":{"line":92,"column":9}},"51":{"start":{"line":91,"column":12},"end":{"line":91,"column":71}},"52":{"start":{"line":94,"column":8},"end":{"line":97,"column":9}},"53":{"start":{"line":95,"column":12},"end":{"line":95,"column":49}},"54":{"start":{"line":96,"column":12},"end":{"line":96,"column":30}},"55":{"start":{"line":98,"column":8},"end":{"line":98,"column":40}},"56":{"start":{"line":100,"column":8},"end":{"line":100,"column":18}},"57":{"start":{"line":104,"column":30},"end":{"line":118,"column":1}},"58":{"start":{"line":105,"column":25},"end":{"line":105,"column":35}},"59":{"start":{"line":106,"column":4},"end":{"line":117,"column":5}},"60":{"start":{"line":107,"column":21},"end":{"line":107,"column":53}},"61":{"start":{"line":108,"column":8},"end":{"line":110,"column":9}},"62":{"start":{"line":109,"column":12},"end":{"line":109,"column":71}},"63":{"start":{"line":112,"column":8},"end":{"line":112,"column":84}},"64":{"start":{"line":112,"column":68},"end":{"line":112,"column":82}},"65":{"start":{"line":113,"column":8},"end":{"line":113,"column":26}},"66":{"start":{"line":114,"column":8},"end":{"line":114,"column":40}},"67":{"start":{"line":116,"column":8},"end":{"line":116,"column":18}},"68":{"start":{"line":120,"column":0},"end":{"line":126,"column":2}}},"fnMap":{"0":{"name":"(anonymous_0)","decl":{"start":{"line":4,"column":20},"end":{"line":4,"column":21}},"loc":{"start":{"line":4,"column":46},"end":{"line":15,"column":1}},"line":4},"1":{"name":"(anonymous_1)","decl":{"start":{"line":17,"column":23},"end":{"line":17,"column":24}},"loc":{"start":{"line":17,"column":49},"end":{"line":72,"column":1}},"line":17},"2":{"name":"(anonymous_2)","decl":{"start":{"line":25,"column":23},"end":{"line":25,"column":24}},"loc":{"start":{"line":25,"column":43},"end":{"line":34,"column":5}},"line":25},"3":{"name":"(anonymous_3)","decl":{"start":{"line":74,"column":28},"end":{"line":74,"column":29}},"loc":{"start":{"line":74,"column":54},"end":{"line":84,"column":1}},"line":74},"4":{"name":"(anonymous_4)","decl":{"start":{"line":86,"column":27},"end":{"line":86,"column":28}},"loc":{"start":{"line":86,"column":53},"end":{"line":102,"column":1}},"line":86},"5":{"name":"(anonymous_5)","decl":{"start":{"line":104,"column":30},"end":{"line":104,"column":31}},"loc":{"start":{"line":104,"column":56},"end":{"line":118,"column":1}},"line":104},"6":{"name":"(anonymous_6)","decl":{"start":{"line":112,"column":61},"end":{"line":112,"column":62}},"loc":{"start":{"line":112,"column":68},"end":{"line":112,"column":82}},"line":112}},"branchMap":{"0":{"loc":{"start":{"line":7,"column":8},"end":{"line":10,"column":9}},"type":"if","locations":[{"start":{"line":7,"column":8},"end":{"line":10,"column":9}},{"start":{},"end":{}}],"line":7},"1":{"loc":{"start":{"line":26,"column":8},"end":{"line":26,"column":61}},"type":"if","locations":[{"start":{"line":26,"column":8},"end":{"line":26,"column":61}},{"start":{},"end":{}}],"line":26},"2":{"loc":{"start":{"line":26,"column":12},"end":{"line":26,"column":47}},"type":"binary-expr","locations":[{"start":{"line":26,"column":12},"end":{"line":26,"column":18}},{"start":{"line":26,"column":22},"end":{"line":26,"column":47}}],"line":26},"3":{"loc":{"start":{"line":29,"column":12},"end":{"line":31,"column":13}},"type":"if","locations":[{"start":{"line":29,"column":12},"end":{"line":31,"column":13}},{"start":{},"end":{}}],"line":29},"4":{"loc":{"start":{"line":38,"column":8},"end":{"line":40,"column":9}},"type":"if","locations":[{"start":{"line":38,"column":8},"end":{"line":40,"column":9}},{"start":{},"end":{}}],"line":38},"5":{"loc":{"start":{"line":42,"column":8},"end":{"line":47,"column":9}},"type":"if","locations":[{"start":{"line":42,"column":8},"end":{"line":47,"column":9}},{"start":{},"end":{}}],"line":42},"6":{"loc":{"start":{"line":48,"column":8},"end":{"line":53,"column":9}},"type":"if","locations":[{"start":{"line":48,"column":8},"end":{"line":53,"column":9}},{"start":{},"end":{}}],"line":48},"7":{"loc":{"start":{"line":54,"column":8},"end":{"line":59,"column":9}},"type":"if","locations":[{"start":{"line":54,"column":8},"end":{"line":59,"column":9}},{"start":{},"end":{}}],"line":54},"8":{"loc":{"start":{"line":60,"column":8},"end":{"line":65,"column":9}},"type":"if","locations":[{"start":{"line":60,"column":8},"end":{"line":65,"column":9}},{"start":{},"end":{}}],"line":60},"9":{"loc":{"start":{"line":77,"column":8},"end":{"line":79,"column":9}},"type":"if","locations":[{"start":{"line":77,"column":8},"end":{"line":79,"column":9}},{"start":{},"end":{}}],"line":77},"10":{"loc":{"start":{"line":90,"column":8},"end":{"line":92,"column":9}},"type":"if","locations":[{"start":{"line":90,"column":8},"end":{"line":92,"column":9}},{"start":{},"end":{}}],"line":90},"11":{"loc":{"start":{"line":94,"column":8},"end":{"line":97,"column":9}},"type":"if","locations":[{"start":{"line":94,"column":8},"end":{"line":97,"co
[...]
,"/home/juancitux/Documents/WORKCODILE/Workcodile-dev/backend/src/services/email/email.service.js": {"path":"/home/juancitux/Documents/WORKCODILE/Workcodile-dev/backend/src/services/email/email.service.js","statementMap":{"0":{"start":{"line":1,"column":22},"end":{"line":1,"column":49}},"1":{"start":{"line":2,"column":67},"end":{"line":2,"column":95}},"2":{"start":{"line":5,"column":20},"end":{"line":5,"column":61}},"3":{"start":{"line":6,"column":17},"end":{"line":6,"column":64}},"4":{"start":{"line":7,"column":4},"end":{"line":7,"column":39}},"5":{"start":{"line":11,"column":20},"end":{"line":11,"column":60}},"6":{"start":{"line":12,"column":17},"end":{"line":12,"column":63}},"7":{"start":{"line":13,"column":4},"end":{"line":13,"column":39}},"8":{"start":{"line":16,"column":0},"end":{"line":16,"column":75}}},"fnMap":{"0":{"name":"sendVerificationCodeEmail","decl":{"start":{"line":4,"column":15},"end":{"line":4,"column":40}},"loc":{"start":{"line":4,"column":69},"end":{"line":8,"column":1}},"line":4},"1":{"name":"sendPasswordResetCodeEmail","decl":{"start":{"line":10,"column":15},"end":{"line":10,"column":41}},"loc":{"start":{"line":10,"column":63},"end":{"line":14,"column":1}},"line":10}},"branchMap":{},"s":{"0":5,"1":5,"2":0,"3":0,"4":0,"5":0,"6":0,"7":0,"8":5},"f":{"0":0,"1":0},"b":{},"inputSourceMap":null,"_coverageSchema":"1a1c01bbd47fc00a2c39e90264f33305004495a9","hash":"6dc9e05a74f058d60c79f1cd30d94af570489e35"}
,"/home/juancitux/Documents/WORKCODILE/Workcodile-dev/backend/src/services/email/email.templates.js": {"path":"/home/juancitux/Documents/WORKCODILE/Workcodile-dev/backend/src/services/email/email.templates.js","statementMap":{"0":{"start":{"line":2,"column":4},"end":{"line":11,"column":4}},"1":{"start":{"line":15,"column":4},"end":{"line":25,"column":4}},"2":{"start":{"line":28,"column":0},"end":{"line":28,"column":76}}},"fnMap":{"0":{"name":"getVerificationCodeHTML","decl":{"start":{"line":1,"column":9},"end":{"line":1,"column":32}},"loc":{"start":{"line":1,"column":57},"end":{"line":12,"column":1}},"line":1},"1":{"name":"getPasswordResetCodeEmailHTML","decl":{"start":{"line":14,"column":9},"end":{"line":14,"column":38}},"loc":{"start":{"line":14,"column":56},"end":{"line":26,"column":1}},"line":14}},"branchMap":{},"s":{"0":0,"1":0,"2":5},"f":{"0":0,"1":0},"b":{},"inputSourceMap":null,"_coverageSchema":"1a1c01bbd47fc00a2c39e90264f33305004495a9","hash":"ed0873376dd6f4eb17042cc5e49b53fe17e0b71a"}
,"/home/juancitux/Documents/WORKCODILE/Workcodile-dev/backend/src/services/storage/b2.provider.js": {"path":"/home/juancitux/Documents/WORKCODILE/Workcodile-dev/backend/src/services/storage/b2.provider.js","statementMap":{"0":{"start":{"line":1,"column":12},"end":{"line":1,"column":30}},"1":{"start":{"line":2,"column":15},"end":{"line":2,"column":42}},"2":{"start":{"line":10,"column":4},"end":{"line":10,"column":21}},"3":{"start":{"line":13,"column":0},"end":{"line":18,"column":1}},"4":{"start":{"line":14,"column":21},"end":{"line":14,"column":60}},"5":{"start":{"line":15,"column":4},"end":{"line":15,"column":67}},"6":{"start":{"line":17,"column":4},"end":{"line":17,"column":69}},"7":{"start":{"line":20,"column":11},"end":{"line":27,"column":2}},"8":{"start":{"line":30,"column":4},"end":{"line":42,"column":5}},"9":{"start":{"line":31,"column":8},"end":{"line":31,"column":66}},"10":{"start":{"line":32,"column":8},"end":{"line":32,"column":66}},"11":{"start":{"line":34,"column":8},"end":{"line":41,"column":9}},"12":{"start":{"line":35,"column":12},"end":{"line":35,"column":82}},"13":{"start":{"line":36,"column":12},"end":{"line":36,"column":72}},"14":{"start":{"line":37,"column":12},"end":{"line":37,"column":63}},"15":{"start":{"line":39,"column":12},"end":{"line":39,"column":63}},"16":{"start":{"line":40,"column":12},"end":{"line":40,"column":24}},"17":{"start":{"line":46,"column":4},"end":{"line":53,"column":19}},"18":{"start":{"line":54,"column":4},"end":{"line":54,"column":34}},"19":{"start":{"line":58,"column":20},"end":{"line":58,"column":71}},"20":{"start":{"line":59,"column":4},"end":{"line":59,"column":38}},"21":{"start":{"line":63,"column":4},"end":{"line":63,"column":81}},"22":{"start":{"line":66,"column":0},"end":{"line":71,"column":2}}},"fnMap":{"0":{"name":"ensureBucketExists","decl":{"start":{"line":29,"column":15},"end":{"line":29,"column":33}},"loc":{"start":{"line":29,"column":36},"end":{"line":43,"column":1}},"line":29},"1":{"name":"uploadFile","decl":{"start":{"line":45,"column":15},"end":{"line":45,"column":25}},"loc":{"start":{"line":45,"column":60},"end":{"line":55,"column":1}},"line":45},"2":{"name":"getFileUrl","decl":{"start":{"line":57,"column":9},"end":{"line":57,"column":19}},"loc":{"start":{"line":57,"column":32},"end":{"line":60,"column":1}},"line":57},"3":{"name":"deleteFile","decl":{"start":{"line":62,"column":15},"end":{"line":62,"column":25}},"loc":{"start":{"line":62,"column":38},"end":{"line":64,"column":1}},"line":62}},"branchMap":{"0":{"loc":{"start":{"line":13,"column":0},"end":{"line":18,"column":1}},"type":"if","locations":[{"start":{"line":13,"column":0},"end":{"line":18,"column":1}},{"start":{"line":16,"column":7},"end":{"line":18,"column":1}}],"line":13},"1":{"loc":{"start":{"line":13,"column":4},"end":{"line":13,"column":37}},"type":"binary-expr","locations":[{"start":{"line":13,"column":4},"end":{"line":13,"column":19}},{"start":{"line":13,"column":23},"end":{"line":13,"column":37}}],"line":13},"2":{"loc":{"start":{"line":34,"column":8},"end":{"line":41,"column":9}},"type":"if","locations":[{"start":{"line":34,"column":8},"end":{"line":41,"column":9}},{"start":{"line":38,"column":15},"end":{"line":41,"column":9}}],"line":34},"3":{"loc":{"start":{"line":58,"column":20},"end":{"line":58,"column":71}},"type":"binary-expr","locations":[{"start":{"line":58,"column":20},"end":{"line":58,"column":47}},{"start":{"line":58,"column":51},"end":{"line":58,"column":71}}],"line":58}},"s":{"0":0,"1":0,"2":0,"3":0,"4":0,"5":0,"6":0,"7":0,"8":0,"9":0,"10":0,"11":0,"12":0,"13":0,"14":0,"15":0,"16":0,"17":0,"18":0,"19":0,"20":0,"21":0,"22":0},"f":{"0":0,"1":0,"2":0,"3":0},"b":{"0":[0,0],"1":[0,0],"2":[0,0],"3":[0,0]},"inputSourceMap":null}
,"/home/juancitux/Documents/WORKCODILE/Workcodile-dev/backend/src/services/storage/cpanel.provider.js": {"path":"/home/juancitux/Documents/WORKCODILE/Workcodile-dev/backend/src/services/storage/cpanel.provider.js","statementMap":{"0":{"start":{"line":1,"column":14},"end":{"line":1,"column":30}},"1":{"start":{"line":2,"column":17},"end":{"line":2,"column":37}},"2":{"start":{"line":3,"column":15},"end":{"line":3,"column":42}},"3":{"start":{"line":11,"column":4},"end":{"line":11,"column":25}},"4":{"start":{"line":13,"column":0},"end":{"line":23,"column":1}},"5":{"start":{"line":20,"column":4},"end":{"line":22,"column":6}},"6":{"start":{"line":26,"column":17},"end":{"line":26,"column":31}},"7":{"start":{"line":27,"column":4},"end":{"line":27,"column":42}},"8":{"start":{"line":28,"column":4},"end":{"line":28,"column":32}},"9":{"start":{"line":29,"column":4},"end":{"line":32,"column":7}},"10":{"start":{"line":34,"column":4},"end":{"line":50,"column":5}},"11":{"start":{"line":35,"column":25},"end":{"line":40,"column":10}},"12":{"start":{"line":42,"column":8},"end":{"line":44,"column":9}},"13":{"start":{"line":43,"column":12},"end":{"line":43,"column":84}},"14":{"start":{"line":46,"column":8},"end":{"line":46,"column":38}},"15":{"start":{"line":48,"column":8},"end":{"line":48,"column":67}},"16":{"start":{"line":49,"column":8},"end":{"line":49,"column":60}},"17":{"start":{"line":54,"column":4},"end":{"line":54,"column":67}},"18":{"start":{"line":58,"column":4},"end":{"line":58,"column":86}},"19":{"start":{"line":61,"column":0},"end":{"line":65,"column":2}}},"fnMap":{"0":{"name":"uploadFile","decl":{"start":{"line":25,"column":15},"end":{"line":25,"column":25}},"loc":{"start":{"line":25,"column":60},"end":{"line":51,"column":1}},"line":25},"1":{"name":"getFileUrl","decl":{"start":{"line":53,"column":9},"end":{"line":53,"column":19}},"loc":{"start":{"line":53,"column":32},"end":{"line":55,"column":1}},"line":53},"2":{"name":"deleteFile","decl":{"start":{"line":57,"column":15},"end":{"line":57,"column":25}},"loc":{"start":{"line":57,"column":38},"end":{"line":59,"column":1}},"line":57}},"branchMap":{"0":{"loc":{"start":{"line":13,"column":0},"end":{"line":23,"column":1}},"type":"if","locations":[{"start":{"line":13,"column":0},"end":{"line":23,"column":1}},{"start":{},"end":{}}],"line":13},"1":{"loc":{"start":{"line":14,"column":4},"end":{"line":18,"column":22}},"type":"binary-expr","locations":[{"start":{"line":14,"column":4},"end":{"line":14,"column":18}},{"start":{"line":15,"column":4},"end":{"line":15,"column":16}},{"start":{"line":16,"column":4},"end":{"line":16,"column":21}},{"start":{"line":17,"column":4},"end":{"line":17,"column":22}},{"start":{"line":18,"column":4},"end":{"line":18,"column":22}}],"line":14},"2":{"loc":{"start":{"line":42,"column":8},"end":{"line":44,"column":9}},"type":"if","locations":[{"start":{"line":42,"column":8},"end":{"line":44,"column":9}},{"start":{},"end":{}}],"line":42}},"s":{"0":0,"1":0,"2":0,"3":0,"4":0,"5":0,"6":0,"7":0,"8":0,"9":0,"10":0,"11":0,"12":0,"13":0,"14":0,"15":0,"16":0,"17":0,"18":0,"19":0},"f":{"0":0,"1":0,"2":0},"b":{"0":[0,0],"1":[0,0,0,0,0],"2":[0,0]},"inputSourceMap":null}
,"/home/juancitux/Documents/WORKCODILE/Workcodile-dev/backend/src/services/storage/minio.provider.js": {"path":"/home/juancitux/Documents/WORKCODILE/Workcodile-dev/backend/src/services/storage/minio.provider.js","statementMap":{"0":{"start":{"line":1,"column":12},"end":{"line":1,"column":30}},"1":{"start":{"line":2,"column":15},"end":{"line":2,"column":42}},"2":{"start":{"line":11,"column":4},"end":{"line":11,"column":24}},"3":{"start":{"line":13,"column":11},"end":{"line":20,"column":2}},"4":{"start":{"line":23,"column":4},"end":{"line":35,"column":5}},"5":{"start":{"line":24,"column":8},"end":{"line":24,"column":69}},"6":{"start":{"line":25,"column":8},"end":{"line":25,"column":75}},"7":{"start":{"line":27,"column":8},"end":{"line":34,"column":9}},"8":{"start":{"line":28,"column":12},"end":{"line":28,"column":91}},"9":{"start":{"line":29,"column":12},"end":{"line":29,"column":75}},"10":{"start":{"line":30,"column":12},"end":{"line":30,"column":72}},"11":{"start":{"line":32,"column":12},"end":{"line":32,"column":69}},"12":{"start":{"line":33,"column":12},"end":{"line":33,"column":24}},"13":{"start":{"line":37,"column":4},"end":{"line":56,"column":5}},"14":{"start":{"line":38,"column":23},"end":{"line":49,"column":9}},"15":{"start":{"line":50,"column":8},"end":{"line":53,"column":21}},"16":{"start":{"line":55,"column":8},"end":{"line":55,"column":88}},"17":{"start":{"line":60,"column":4},"end":{"line":67,"column":19}},"18":{"start":{"line":68,"column":4},"end":{"line":68,"column":34}},"19":{"start":{"line":72,"column":17},"end":{"line":72,"column":57}},"20":{"start":{"line":73,"column":4},"end":{"line":73,"column":56}},"21":{"start":{"line":77,"column":4},"end":{"line":77,"column":84}},"22":{"start":{"line":81,"column":4},"end":{"line":81,"column":91}},"23":{"start":{"line":84,"column":0},"end":{"line":90,"column":2}}},"fnMap":{"0":{"name":"ensureBucketExists","decl":{"start":{"line":22,"column":15},"end":{"line":22,"column":33}},"loc":{"start":{"line":22,"column":36},"end":{"line":57,"column":1}},"line":22},"1":{"name":"uploadFile","decl":{"start":{"line":59,"column":15},"end":{"line":59,"column":25}},"loc":{"start":{"line":59,"column":60},"end":{"line":69,"column":1}},"line":59},"2":{"name":"getFileUrl","decl":{"start":{"line":71,"column":9},"end":{"line":71,"column":19}},"loc":{"start":{"line":71,"column":32},"end":{"line":74,"column":1}},"line":71},"3":{"name":"deleteFile","decl":{"start":{"line":76,"column":15},"end":{"line":76,"column":25}},"loc":{"start":{"line":76,"column":38},"end":{"line":78,"column":1}},"line":76},"4":{"name":"getFileStream","decl":{"start":{"line":80,"column":15},"end":{"line":80,"column":28}},"loc":{"start":{"line":80,"column":41},"end":{"line":82,"column":1}},"line":80}},"branchMap":{"0":{"loc":{"start":{"line":27,"column":8},"end":{"line":34,"column":9}},"type":"if","locations":[{"start":{"line":27,"column":8},"end":{"line":34,"column":9}},{"start":{"line":31,"column":15},"end":{"line":34,"column":9}}],"line":27}},"s":{"0":6,"1":6,"2":6,"3":6,"4":6,"5":6,"6":5,"7":0,"8":0,"9":0,"10":0,"11":0,"12":0,"13":5,"14":5,"15":5,"16":0,"17":0,"18":0,"19":2,"20":2,"21":0,"22":0,"23":6},"f":{"0":6,"1":0,"2":2,"3":0,"4":0},"b":{"0":[0,0]},"inputSourceMap":null,"_coverageSchema":"1a1c01bbd47fc00a2c39e90264f33305004495a9","hash":"13ac00fb5a2d06cfe9a09fd984305b833425f6c9"}
,"/home/juancitux/Documents/WORKCODILE/Workcodile-dev/backend/src/services/storage/storage.service.js": {"path":"/home/juancitux/Documents/WORKCODILE/Workcodile-dev/backend/src/services/storage/storage.service.js","statementMap":{"0":{"start":{"line":1,"column":15},"end":{"line":1,"column":42}},"1":{"start":{"line":3,"column":39},"end":{"line":3,"column":53}},"2":{"start":{"line":6,"column":4},"end":{"line":33,"column":5}},"3":{"start":{"line":8,"column":43},"end":{"line":8,"column":70}},"4":{"start":{"line":9,"column":12},"end":{"line":11,"column":14}},"5":{"start":{"line":10,"column":16},"end":{"line":10,"column":71}},"6":{"start":{"line":12,"column":12},"end":{"line":12,"column":47}},"7":{"start":{"line":16,"column":12},"end":{"line":16,"column":48}},"8":{"start":{"line":19,"column":43},"end":{"line":19,"column":67}},"9":{"start":{"line":20,"column":12},"end":{"line":22,"column":14}},"10":{"start":{"line":21,"column":16},"end":{"line":21,"column":68}},"11":{"start":{"line":23,"column":12},"end":{"line":23,"column":44}},"12":{"start":{"line":26,"column":12},"end":{"line":26,"column":79}},"13":{"start":{"line":27,"column":43},"end":{"line":27,"column":70}},"14":{"start":{"line":28,"column":12},"end":{"line":30,"column":14}},"15":{"start":{"line":29,"column":16},"end":{"line":29,"column":71}},"16":{"start":{"line":31,"column":12},"end":{"line":31,"column":47}},"17":{"start":{"line":36,"column":17},"end":{"line":36,"column":30}},"18":{"start":{"line":39,"column":4},"end":{"line":39,"column":65}},"19":{"start":{"line":43,"column":4},"end":{"line":43,"column":43}},"20":{"start":{"line":47,"column":4},"end":{"line":47,"column":43}},"21":{"start":{"line":51,"column":4},"end":{"line":53,"column":5}},"22":{"start":{"line":52,"column":8},"end":{"line":52,"column":50}},"23":{"start":{"line":54,"column":4},"end":{"line":54,"column":67}},"24":{"start":{"line":57,"column":0},"end":{"line":62,"column":2}}},"fnMap":{"0":{"name":"getProvider","decl":{"start":{"line":5,"column":9},"end":{"line":5,"column":20}},"loc":{"start":{"line":5,"column":23},"end":{"line":34,"column":1}},"line":5},"1":{"name":"(anonymous_1)","decl":{"start":{"line":9,"column":39},"end":{"line":9,"column":40}},"loc":{"start":{"line":10,"column":16},"end":{"line":10,"column":71}},"line":10},"2":{"name":"(anonymous_2)","decl":{"start":{"line":20,"column":39},"end":{"line":20,"column":40}},"loc":{"start":{"line":21,"column":16},"end":{"line":21,"column":68}},"line":21},"3":{"name":"(anonymous_3)","decl":{"start":{"line":28,"column":39},"end":{"line":28,"column":40}},"loc":{"start":{"line":29,"column":16},"end":{"line":29,"column":71}},"line":29},"4":{"name":"uploadFile","decl":{"start":{"line":38,"column":15},"end":{"line":38,"column":25}},"loc":{"start":{"line":38,"column":60},"end":{"line":40,"column":1}},"line":38},"5":{"name":"getFileUrl","decl":{"start":{"line":42,"column":9},"end":{"line":42,"column":19}},"loc":{"start":{"line":42,"column":32},"end":{"line":44,"column":1}},"line":42},"6":{"name":"deleteFile","decl":{"start":{"line":46,"column":15},"end":{"line":46,"column":25}},"loc":{"start":{"line":46,"column":38},"end":{"line":48,"column":1}},"line":46},"7":{"name":"getFileStream","decl":{"start":{"line":50,"column":15},"end":{"line":50,"column":28}},"loc":{"start":{"line":50,"column":41},"end":{"line":55,"column":1}},"line":50}},"branchMap":{"0":{"loc":{"start":{"line":6,"column":4},"end":{"line":33,"column":5}},"type":"switch","locations":[{"start":{"line":7,"column":8},"end":{"line":13,"column":9}},{"start":{"line":14,"column":8},"end":{"line":14,"column":22}},{"start":{"line":15,"column":8},"end":{"line":17,"column":9}},{"start":{"line":18,"column":8},"end":{"line":24,"column":9}},{"start":{"line":25,"column":8},"end":{"line":32,"column":9}}],"line":6},"1":{"loc":{"start":{"line":51,"column":4},"end":{"line":53,"column":5}},"type":"if","locations":[{"start":{"line":51,"column":4},"end":{"line":53,"column":5}},{"start":{},"end":{}}],"line":51}},"s":{"0":6,"1":6,"2":6,"3":6,"4":6,"5":0,"6":6,"7":0,"8":0,"9":0,"10":0,"11":0,"12":0,"13":0,"14":0,"15":0,"16":0,"17":6,"18":0,"19":2,"20":0,"21":0,"22":0,"23":0,"24":6},"f":{"0":6,"1":0,"2":0,"3":0,"4":0,"5":2,"6":0,"7":0},"b":{"0":[6,0,0,0,0],"1":[0,0]},"inputSourceMap":null,"_coverageSchema":"1a1c01bbd47fc00a2c39e90264f33305004495a9","hash":"f9eca898886f0cc454774c6466e76a661540b8ac"}
,"/home/juancitux/Documents/WORKCODILE/Workcodile-dev/backend/src/validators/auth.validator.js": {"path":"/home/juancitux/Documents/WORKCODILE/Workcodile-dev/backend/src/validators/auth.validator.js","statementMap":{"0":{"start":{"line":1,"column":17},"end":{"line":1,"column":45}},"1":{"start":{"line":3,"column":17},"end":{"line":15,"column":1}},"2":{"start":{"line":17,"column":14},"end":{"line":20,"column":1}},"3":{"start":{"line":22,"column":19},"end":{"line":27,"column":1}},"4":{"start":{"line":29,"column":23},"end":{"line":31,"column":1}},"5":{"start":{"line":33,"column":22},"end":{"line":44,"column":1}},"6":{"start":{"line":46,"column":22},"end":{"line":54,"column":1}},"7":{"start":{"line":56,"column":20},"end":{"line":58,"column":1}},"8":{"start":{"line":60,"column":0},"end":{"line":68,"column":2}}},"fnMap":{},"branchMap":{},"s":{"0":6,"1":6,"2":6,"3":6,"4":6,"5":6,"6":6,"7":6,"8":6},"f":{},"b":{},"inputSourceMap":null,"_coverageSchema":"1a1c01bbd47fc00a2c39e90264f33305004495a9","hash":"0b8cf7567a8891e6a095bffdcec9741a360442a5"}
,"/home/juancitux/Documents/WORKCODILE/Workcodile-dev/backend/src/validators/post.validator.js": {"path":"/home/juancitux/Documents/WORKCODILE/Workcodile-dev/backend/src/validators/post.validator.js","statementMap":{"0":{"start":{"line":1,"column":31},"end":{"line":1,"column":59}},"1":{"start":{"line":3,"column":19},"end":{"line":9,"column":1}},"2":{"start":{"line":11,"column":19},"end":{"line":14,"column":1}},"3":{"start":{"line":16,"column":17},"end":{"line":16,"column":91}},"4":{"start":{"line":18,"column":19},"end":{"line":26,"column":1}},"5":{"start":{"line":28,"column":20},"end":{"line":28,"column":94}},"6":{"start":{"line":30,"column":19},"end":{"line":33,"column":1}},"7":{"start":{"line":35,"column":15},"end":{"line":35,"column":71}},"8":{"start":{"line":37,"column":24},"end":{"line":40,"column":1}},"9":{"start":{"line":42,"column":0},"end":{"line":51,"column":2}}},"fnMap":{},"branchMap":{},"s":{"0":6,"1":6,"2":6,"3":6,"4":6,"5":6,"6":6,"7":6,"8":6,"9":6},"f":{},"b":{},"inputSourceMap":null,"_coverageSchema":"1a1c01bbd47fc00a2c39e90264f33305004495a9","hash":"4ea1584d3811e2f48942e39885f04ffbe3bfe149"}
}
