TN:
SF:src/config/env.js
FN:5,(anonymous_0)
FNF:1
FNH:1
FNDA:189,(anonymous_0)
DA:1,7
DA:2,7
DA:3,7
DA:5,7
DA:6,189
DA:7,0
DA:9,189
DA:12,7
DA:61,7
LF:9
LH:8
BRDA:2,0,0,7
BRDA:2,0,1,0
BRDA:6,1,0,0
BRDA:6,1,1,189
BRDA:6,2,0,189
BRDA:6,2,1,70
BRDA:9,3,0,189
BRDA:9,3,1,70
BRF:8
BRH:6
end_of_record
TN:
SF:src/controllers/authController.js
FN:12,generateSecureCode
FN:16,(anonymous_1)
FN:46,(anonymous_2)
FN:77,(anonymous_3)
FN:95,(anonymous_4)
FN:116,(anonymous_5)
FN:150,(anonymous_6)
FN:168,(anonymous_7)
FN:200,(anonymous_8)
FN:227,(anonymous_9)
FNF:10
FNH:10
FNDA:3,generateSecureCode
FNDA:4,(anonymous_1)
FNDA:7,(anonymous_2)
FNDA:3,(anonymous_3)
FNDA:2,(anonymous_4)
FNDA:2,(anonymous_5)
FNDA:3,(anonymous_6)
FNDA:2,(anonymous_7)
FNDA:2,(anonymous_8)
FNDA:2,(anonymous_9)
DA:1,6
DA:2,6
DA:3,6
DA:4,6
DA:5,6
DA:9,6
DA:10,6
DA:13,3
DA:16,6
DA:17,4
DA:19,4
DA:20,4
DA:21,3
DA:22,2
DA:23,1
DA:26,1
DA:27,1
DA:28,1
DA:31,2
DA:32,2
DA:33,2
DA:35,2
DA:36,2
DA:38,2
DA:42,1
DA:46,6
DA:47,7
DA:49,7
DA:50,7
DA:51,7
DA:52,1
DA:55,6
DA:56,6
DA:57,2
DA:60,4
DA:61,1
DA:66,3
DA:67,3
DA:69,3
DA:70,3
DA:71,3
DA:73,0
DA:77,6
DA:78,3
DA:79,3
DA:80,3
DA:81,1
DA:83,2
DA:84,1
DA:86,2
DA:87,2
DA:89,2
DA:91,0
DA:95,6
DA:96,2
DA:97,2
DA:98,1
DA:101,1
DA:102,1
DA:106,1
DA:107,0
DA:110,1
DA:112,0
DA:116,6
DA:117,2
DA:119,2
DA:120,2
DA:121,2
DA:122,1
DA:125,1
DA:126,1
DA:128,1
DA:129,1
DA:131,1
DA:132,1
DA:134,1
DA:135,1
DA:137,1
DA:138,0
DA:141,1
DA:142,1
DA:143,1
DA:144,1
DA:146,0
DA:150,6
DA:151,3
DA:152,3
DA:153,3
DA:154,2
DA:156,1
DA:157,0
DA:159,1
DA:160,1
DA:162,1
DA:164,0
DA:168,6
DA:169,2
DA:171,2
DA:172,2
DA:178,2
DA:179,1
DA:184,1
DA:185,1
DA:186,1
DA:187,1
DA:189,1
DA:190,1
DA:192,1
DA:193,1
DA:194,1
DA:196,0
DA:200,6
DA:201,2
DA:203,2
DA:204,2
DA:205,2
DA:206,1
DA:214,1
DA:215,1
DA:216,1
DA:218,1
DA:219,1
DA:221,1
DA:223,0
DA:227,6
DA:228,2
DA:230,2
DA:231,2
DA:236,2
DA:237,1
DA:240,1
DA:241,1
DA:242,1
DA:243,1
DA:245,1
DA:246,1
DA:248,0
DA:252,6
LF:138
LH:127
BRDA:21,0,0,2
BRDA:21,0,1,1
BRDA:22,1,0,1
BRDA:22,1,1,1
BRDA:51,2,0,1
BRDA:51,2,1,6
BRDA:56,3,0,2
BRDA:56,3,1,4
BRDA:60,4,0,1
BRDA:60,4,1,3
BRDA:80,5,0,1
BRDA:80,5,1,2
BRDA:83,6,0,1
BRDA:83,6,1,1
BRDA:97,7,0,1
BRDA:97,7,1,1
BRDA:106,8,0,0
BRDA:106,8,1,1
BRDA:121,9,0,1
BRDA:121,9,1,1
BRDA:125,10,0,1
BRDA:125,10,1,0
BRDA:128,11,0,1
BRDA:128,11,1,0
BRDA:131,12,0,1
BRDA:131,12,1,0
BRDA:134,13,0,1
BRDA:134,13,1,0
BRDA:137,14,0,0
BRDA:137,14,1,1
BRDA:153,15,0,2
BRDA:153,15,1,1
BRDA:156,16,0,0
BRDA:156,16,1,1
BRDA:178,17,0,1
BRDA:178,17,1,1
BRDA:205,18,0,1
BRDA:205,18,1,1
BRDA:236,19,0,1
BRDA:236,19,1,1
BRF:40
BRH:33
end_of_record
TN:
SF:src/controllers/courseController.js
FN:3,(anonymous_0)
FNF:1
FNH:1
FNDA:5,(anonymous_0)
DA:1,6
DA:3,6
DA:4,5
DA:5,5
DA:6,4
DA:8,1
DA:12,6
LF:7
LH:7
BRF:0
BRH:0
end_of_record
TN:
SF:src/controllers/healthController.js
FN:3,(anonymous_0)
FN:7,(anonymous_1)
FNF:2
FNH:2
FNDA:8,(anonymous_0)
FNDA:2,(anonymous_1)
DA:1,5
DA:3,5
DA:4,8
DA:7,5
DA:8,2
DA:9,2
DA:10,2
DA:16,5
LF:8
LH:8
BRF:0
BRH:0
end_of_record
TN:
SF:src/controllers/notificationController.js
FN:3,(anonymous_0)
FN:14,(anonymous_1)
FN:32,(anonymous_2)
FNF:3
FNH:3
FNDA:3,(anonymous_0)
FNDA:4,(anonymous_1)
FNDA:3,(anonymous_2)
DA:1,6
DA:3,6
DA:4,3
DA:5,3
DA:8,2
DA:10,1
DA:14,6
DA:15,4
DA:16,4
DA:17,3
DA:18,1
DA:20,2
DA:21,1
DA:24,1
DA:25,1
DA:26,1
DA:28,1
DA:32,6
DA:33,3
DA:34,3
DA:35,2
DA:37,1
DA:41,6
LF:23
LH:23
BRDA:17,0,0,1
BRDA:17,0,1,2
BRDA:20,1,0,1
BRDA:20,1,1,1
BRF:4
BRH:4
end_of_record
TN:
SF:src/controllers/postController.js
FN:9,(anonymous_0)
FN:16,(anonymous_1)
FN:32,(anonymous_2)
FN:63,(anonymous_3)
FN:90,(anonymous_4)
FN:114,(anonymous_5)
FN:122,(anonymous_6)
FN:148,(anonymous_7)
FN:184,(anonymous_8)
FN:208,(anonymous_9)
FN:248,(anonymous_10)
FN:313,(anonymous_11)
FN:339,(anonymous_12)
FN:342,(anonymous_13)
FN:349,(anonymous_14)
FN:412,(anonymous_15)
FN:418,(anonymous_16)
FN:434,(anonymous_17)
FN:440,(anonymous_18)
FN:471,(anonymous_19)
FN:483,(anonymous_20)
FN:498,(anonymous_21)
FN:514,(anonymous_22)
FN:530,(anonymous_23)
FNF:24
FNH:17
FNDA:6,(anonymous_0)
FNDA:3,(anonymous_1)
FNDA:4,(anonymous_2)
FNDA:2,(anonymous_3)
FNDA:4,(anonymous_4)
FNDA:0,(anonymous_5)
FNDA:5,(anonymous_6)
FNDA:4,(anonymous_7)
FNDA:4,(anonymous_8)
FNDA:4,(anonymous_9)
FNDA:5,(anonymous_10)
FNDA:4,(anonymous_11)
FNDA:0,(anonymous_12)
FNDA:0,(anonymous_13)
FNDA:2,(anonymous_14)
FNDA:0,(anonymous_15)
FNDA:0,(anonymous_16)
FNDA:0,(anonymous_17)
FNDA:0,(anonymous_18)
FNDA:3,(anonymous_19)
FNDA:1,(anonymous_20)
FNDA:2,(anonymous_21)
FNDA:7,(anonymous_22)
FNDA:3,(anonymous_23)
DA:1,6
DA:2,6
DA:3,6
DA:4,6
DA:5,6
DA:6,6
DA:7,6
DA:9,6
DA:10,6
DA:11,6
DA:12,6
DA:13,6
DA:15,5
DA:16,5
DA:17,3
DA:18,3
DA:21,5
DA:28,1
DA:32,6
DA:33,4
DA:34,4
DA:35,4
DA:36,4
DA:38,4
DA:39,4
DA:40,1
DA:43,3
DA:44,3
DA:46,3
DA:47,2
DA:48,2
DA:51,3
DA:52,3
DA:53,3
DA:54,3
DA:55,3
DA:57,3
DA:59,0
DA:63,6
DA:64,2
DA:65,2
DA:66,2
DA:68,2
DA:72,2
DA:73,1
DA:76,1
DA:77,1
DA:78,0
DA:81,1
DA:82,1
DA:84,1
DA:86,0
DA:90,6
DA:91,4
DA:92,4
DA:93,4
DA:95,4
DA:98,4
DA:99,2
DA:102,2
DA:106,2
DA:107,1
DA:110,1
DA:111,1
DA:112,1
DA:113,1
DA:114,1
DA:116,1
DA:118,0
DA:122,6
DA:123,5
DA:124,5
DA:125,5
DA:127,5
DA:135,4
DA:137,4
DA:138,4
DA:139,4
DA:142,4
DA:144,1
DA:148,6
DA:149,4
DA:150,4
DA:151,4
DA:152,4
DA:154,4
DA:157,4
DA:158,1
DA:160,3
DA:161,1
DA:164,2
DA:172,2
DA:173,2
DA:174,2
DA:175,2
DA:178,2
DA:180,0
DA:184,6
DA:185,4
DA:186,4
DA:187,4
DA:189,4
DA:192,4
DA:193,1
DA:195,3
DA:196,1
DA:199,2
DA:202,2
DA:204,0
DA:208,6
DA:209,4
DA:210,4
DA:211,4
DA:212,4
DA:214,4
DA:217,4
DA:218,1
DA:221,3
DA:223,3
DA:224,3
DA:225,2
DA:228,3
DA:229,1
DA:236,3
DA:237,3
DA:238,3
DA:239,3
DA:242,3
DA:244,0
DA:248,6
DA:249,5
DA:250,5
DA:251,5
DA:252,5
DA:253,5
DA:255,5
DA:266,5
DA:269,5
DA:270,0
DA:273,5
DA:274,3
DA:275,3
DA:276,1
DA:278,2
DA:279,0
DA:281,2
DA:282,2
DA:286,2
DA:291,4
DA:292,2
DA:299,4
DA:301,4
DA:302,4
DA:303,4
DA:304,4
DA:307,4
DA:309,0
DA:313,6
DA:314,4
DA:315,4
DA:316,4
DA:317,4
DA:319,4
DA:320,1
DA:323,3
DA:326,3
DA:327,0
DA:330,3
DA:334,3
DA:335,1
DA:338,2
DA:339,0
DA:341,2
DA:342,0
DA:348,2
DA:349,2
DA:352,2
DA:356,2
DA:358,2
DA:359,1
DA:361,0
DA:367,1
DA:368,0
DA:374,1
DA:378,1
DA:379,1
DA:385,1
DA:387,0
DA:393,1
DA:394,0
DA:400,1
DA:408,0
DA:409,0
DA:410,0
DA:411,0
DA:412,0
DA:415,0
DA:416,0
DA:417,0
DA:418,0
DA:421,0
DA:422,0
DA:423,0
DA:424,0
DA:425,0
DA:431,0
DA:432,0
DA:433,0
DA:434,0
DA:437,0
DA:438,0
DA:439,0
DA:440,0
DA:443,0
DA:444,0
DA:445,0
DA:448,0
DA:453,2
DA:454,1
DA:455,1
DA:456,1
DA:459,2
DA:460,2
DA:461,2
DA:462,2
DA:465,2
DA:467,0
DA:471,6
DA:472,3
DA:473,3
DA:474,3
DA:475,3
DA:476,3
DA:477,1
DA:480,2
DA:482,2
DA:483,1
DA:485,2
DA:492,2
DA:494,0
DA:498,6
DA:499,2
DA:500,2
DA:501,2
DA:503,2
DA:508,2
DA:510,0
DA:514,6
DA:515,7
DA:516,7
DA:517,7
DA:519,7
DA:520,6
DA:521,6
DA:525,6
DA:526,1
DA:529,5
DA:530,5
DA:532,5
DA:533,3
DA:536,2
DA:543,1
DA:548,3
DA:550,0
DA:554,6
LF:265
LH:218
BRDA:11,0,0,6
BRDA:11,0,1,4
BRDA:12,1,0,6
BRDA:12,1,1,4
BRDA:18,2,0,3
BRDA:18,2,1,0
BRDA:35,3,0,4
BRDA:35,3,1,3
BRDA:36,4,0,4
BRDA:36,4,1,3
BRDA:39,5,0,1
BRDA:39,5,1,3
BRDA:44,6,0,3
BRDA:44,6,1,0
BRDA:46,7,0,2
BRDA:46,7,1,1
BRDA:46,8,0,3
BRDA:46,8,1,3
BRDA:51,9,0,3
BRDA:51,9,1,0
BRDA:72,10,0,1
BRDA:72,10,1,1
BRDA:77,11,0,0
BRDA:77,11,1,1
BRDA:82,12,0,1
BRDA:82,12,1,0
BRDA:93,13,0,3
BRDA:93,13,1,1
BRDA:98,14,0,2
BRDA:98,14,1,2
BRDA:106,15,0,1
BRDA:106,15,1,1
BRDA:110,16,0,1
BRDA:110,16,1,0
BRDA:137,17,0,4
BRDA:137,17,1,0
BRDA:138,18,0,4
BRDA:138,18,1,0
BRDA:157,19,0,1
BRDA:157,19,1,3
BRDA:160,20,0,1
BRDA:160,20,1,2
BRDA:173,21,0,2
BRDA:173,21,1,0
BRDA:174,22,0,2
BRDA:174,22,1,0
BRDA:192,23,0,1
BRDA:192,23,1,3
BRDA:195,24,0,1
BRDA:195,24,1,2
BRDA:217,25,0,1
BRDA:217,25,1,3
BRDA:224,26,0,2
BRDA:224,26,1,1
BRDA:228,27,0,1
BRDA:228,27,1,2
BRDA:237,28,0,3
BRDA:237,28,1,0
BRDA:238,29,0,3
BRDA:238,29,1,0
BRDA:259,30,0,5
BRDA:259,30,1,5
BRDA:263,31,0,3
BRDA:263,31,1,2
BRDA:269,32,0,0
BRDA:269,32,1,5
BRDA:273,33,0,3
BRDA:273,33,1,2
BRDA:275,34,0,1
BRDA:275,34,1,2
BRDA:278,35,0,0
BRDA:278,35,1,2
BRDA:291,36,0,2
BRDA:291,36,1,2
BRDA:302,37,0,4
BRDA:302,37,1,0
BRDA:303,38,0,4
BRDA:303,38,1,0
BRDA:319,39,0,1
BRDA:319,39,1,3
BRDA:326,40,0,0
BRDA:326,40,1,3
BRDA:334,41,0,1
BRDA:334,41,1,2
BRDA:338,42,0,2
BRDA:338,42,1,0
BRDA:341,43,0,2
BRDA:341,43,1,0
BRDA:349,44,0,2
BRDA:349,44,1,2
BRDA:352,45,0,2
BRDA:352,45,1,0
BRDA:356,46,0,2
BRDA:356,46,1,0
BRDA:358,47,0,1
BRDA:358,47,1,1
BRDA:359,48,0,0
BRDA:359,48,1,1
BRDA:367,49,0,0
BRDA:367,49,1,1
BRDA:378,50,0,1
BRDA:378,50,1,0
BRDA:385,51,0,0
BRDA:385,51,1,1
BRDA:393,52,0,0
BRDA:393,52,1,1
BRDA:408,53,0,0
BRDA:408,53,1,0
BRDA:409,54,0,0
BRDA:409,54,1,0
BRDA:410,55,0,0
BRDA:410,55,1,0
BRDA:411,56,0,0
BRDA:411,56,1,0
BRDA:415,57,0,0
BRDA:415,57,1,0
BRDA:416,58,0,0
BRDA:416,58,1,0
BRDA:417,59,0,0
BRDA:417,59,1,0
BRDA:421,60,0,0
BRDA:421,60,1,0
BRDA:422,61,0,0
BRDA:422,61,1,0
BRDA:424,62,0,0
BRDA:424,62,1,0
BRDA:431,63,0,0
BRDA:431,63,1,0
BRDA:432,64,0,0
BRDA:432,64,1,0
BRDA:433,65,0,0
BRDA:433,65,1,0
BRDA:437,66,0,0
BRDA:437,66,1,0
BRDA:438,67,0,0
BRDA:438,67,1,0
BRDA:439,68,0,0
BRDA:439,68,1,0
BRDA:443,69,0,0
BRDA:443,69,1,0
BRDA:444,70,0,0
BRDA:444,70,1,0
BRDA:453,71,0,1
BRDA:453,71,1,1
BRDA:453,72,0,2
BRDA:453,72,1,2
BRDA:455,73,0,1
BRDA:455,73,1,0
BRDA:455,74,0,1
BRDA:455,74,1,1
BRDA:460,75,0,2
BRDA:460,75,1,0
BRDA:461,76,0,2
BRDA:461,76,1,0
BRDA:476,77,0,1
BRDA:476,77,1,2
BRDA:482,78,0,2
BRDA:482,78,1,2
BRDA:487,79,0,1
BRDA:487,79,1,1
BRDA:506,80,0,2
BRDA:506,80,1,1
BRDA:517,81,0,6
BRDA:517,81,1,1
BRDA:519,82,0,6
BRDA:519,82,1,1
BRDA:525,83,0,1
BRDA:525,83,1,5
BRDA:529,84,0,5
BRDA:529,84,1,0
BRDA:532,85,0,3
BRDA:532,85,1,2
BRF:172
BRH:106
end_of_record
TN:
SF:src/controllers/settingsController.js
FN:4,(anonymous_0)
FN:17,(anonymous_1)
FN:25,(anonymous_2)
FN:74,(anonymous_3)
FN:86,(anonymous_4)
FN:104,(anonymous_5)
FN:112,(anonymous_6)
FNF:7
FNH:7
FNDA:4,(anonymous_0)
FNDA:10,(anonymous_1)
FNDA:7,(anonymous_2)
FNDA:3,(anonymous_3)
FNDA:3,(anonymous_4)
FNDA:3,(anonymous_5)
FNDA:3,(anonymous_6)
DA:1,6
DA:2,6
DA:4,6
DA:5,4
DA:6,4
DA:7,3
DA:8,2
DA:9,2
DA:11,3
DA:13,1
DA:17,6
DA:18,10
DA:20,10
DA:21,10
DA:22,10
DA:23,10
DA:25,10
DA:26,7
DA:27,7
DA:28,7
DA:29,27
DA:30,9
DA:33,7
DA:36,10
DA:37,10
DA:38,9
DA:39,1
DA:42,8
DA:43,4
DA:48,8
DA:49,1
DA:54,8
DA:55,1
DA:60,8
DA:61,1
DA:67,8
DA:68,8
DA:70,1
DA:74,6
DA:75,3
DA:76,3
DA:77,2
DA:78,1
DA:80,1
DA:82,1
DA:86,6
DA:87,3
DA:88,3
DA:89,3
DA:90,3
DA:91,1
DA:94,2
DA:95,1
DA:96,1
DA:98,2
DA:100,0
DA:104,6
DA:105,3
DA:106,3
DA:107,3
DA:108,3
DA:109,1
DA:112,3
DA:113,2
DA:114,2
DA:116,0
DA:120,6
LF:67
LH:65
BRDA:7,0,0,2
BRDA:7,0,1,1
BRDA:26,1,0,0
BRDA:26,1,1,7
BRDA:26,2,0,7
BRDA:26,2,1,7
BRDA:29,3,0,9
BRDA:29,3,1,18
BRDA:38,4,0,1
BRDA:38,4,1,8
BRDA:42,5,0,4
BRDA:42,5,1,4
BRDA:48,6,0,1
BRDA:48,6,1,7
BRDA:54,7,0,1
BRDA:54,7,1,7
BRDA:60,8,0,1
BRDA:60,8,1,7
BRDA:77,9,0,1
BRDA:77,9,1,1
BRDA:90,10,0,1
BRDA:90,10,1,2
BRDA:94,11,0,1
BRDA:94,11,1,1
BRDA:108,12,0,1
BRDA:108,12,1,2
BRF:26
BRH:25
end_of_record
TN:
SF:src/controllers/storageController.js
FN:9,uploadHandler
FN:25,getFileHandler
FN:37,deleteHandler
FNF:3
FNH:3
FNDA:4,uploadHandler
FNDA:3,getFileHandler
FNDA:4,deleteHandler
DA:1,6
DA:2,6
DA:3,6
DA:5,6
DA:7,6
DA:10,4
DA:11,4
DA:12,1
DA:15,3
DA:16,3
DA:17,3
DA:19,2
DA:21,1
DA:26,3
DA:27,3
DA:28,3
DA:29,3
DA:30,2
DA:31,2
DA:33,1
DA:38,4
DA:39,4
DA:40,4
DA:41,4
DA:42,1
DA:44,3
DA:45,3
DA:46,1
DA:48,2
DA:49,1
DA:51,1
DA:55,6
LF:32
LH:32
BRDA:11,0,0,1
BRDA:11,0,1,3
BRDA:41,1,0,1
BRDA:41,1,1,3
BRDA:45,2,0,1
BRDA:45,2,1,2
BRF:6
BRH:6
end_of_record
TN:
SF:src/controllers/userController.js
FN:4,(anonymous_0)
FN:13,(anonymous_1)
FNF:2
FNH:2
FNDA:9,(anonymous_0)
FNDA:5,(anonymous_1)
DA:1,6
DA:2,6
DA:4,6
DA:5,9
DA:6,9
DA:8,9
DA:13,8
DA:23,8
DA:25,1
DA:29,6
LF:10
LH:10
BRDA:6,0,0,9
BRDA:6,0,1,7
BRDA:16,1,0,2
BRDA:16,1,1,3
BRF:4
BRH:4
end_of_record
TN:
SF:src/data/courses.js
FNF:0
FNH:0
DA:1,0
DA:81,0
LF:2
LH:0
BRF:0
BRH:0
end_of_record
TN:
SF:src/middleware/authMiddleware.js
FN:4,(anonymous_0)
FNF:1
FNH:1
FNDA:58,(anonymous_0)
DA:1,6
DA:2,6
DA:4,6
DA:5,58
DA:7,58
DA:8,34
DA:11,24
DA:12,24
DA:13,16
DA:14,16
DA:16,8
LF:11
LH:11
BRDA:7,0,0,34
BRDA:7,0,1,24
BRF:2
BRH:2
end_of_record
TN:
SF:src/middleware/errorHandler.js
FN:3,errorHandler
FNF:1
FNH:1
FNDA:4,errorHandler
DA:1,6
DA:4,4
DA:6,4
DA:7,1
DA:10,3
DA:11,1
DA:14,2
DA:15,1
DA:18,1
DA:19,1
DA:24,6
LF:11
LH:11
BRDA:6,0,0,1
BRDA:6,0,1,3
BRDA:10,1,0,1
BRDA:10,1,1,2
BRDA:14,2,0,1
BRDA:14,2,1,1
BRDA:19,3,0,1
BRDA:19,3,1,1
BRDA:20,4,0,0
BRDA:20,4,1,1
BRDA:20,5,0,1
BRDA:20,5,1,0
BRF:12
BRH:10
end_of_record
TN:
SF:src/middleware/optionalAuthMiddleware.js
FN:4,(anonymous_0)
FNF:1
FNH:1
FNDA:14,(anonymous_0)
DA:1,6
DA:2,6
DA:4,6
DA:5,14
DA:7,14
DA:8,6
DA:11,8
DA:12,8
DA:13,6
DA:17,8
LF:10
LH:10
BRDA:7,0,0,6
BRDA:7,0,1,8
BRF:2
BRH:2
end_of_record
TN:
SF:src/middleware/validate.js
FN:3,validate
FN:8,(anonymous_1)
FNF:2
FNH:2
FNDA:31,validate
FNDA:30,(anonymous_1)
DA:1,5
DA:4,31
DA:5,31
DA:6,14
DA:8,30
DA:11,17
DA:14,5
LF:7
LH:7
BRDA:5,0,0,14
BRDA:5,0,1,17
BRF:2
BRH:2
end_of_record
TN:
SF:src/models/Course.js
FNF:0
FNH:0
DA:1,5
DA:3,5
DA:10,5
LF:3
LH:3
BRF:0
BRH:0
end_of_record
TN:
SF:src/models/Notification.js
FNF:0
FNH:0
DA:1,5
DA:3,5
DA:26,5
LF:3
LH:3
BRF:0
BRH:0
end_of_record
TN:
SF:src/models/Post.js
FNF:0
FNH:0
DA:1,6
DA:2,6
DA:4,6
DA:14,6
DA:24,6
DA:35,6
DA:58,6
DA:60,6
LF:8
LH:8
BRF:0
BRH:0
end_of_record
TN:
SF:src/models/Report.js
FNF:0
FNH:0
DA:1,5
DA:3,5
DA:24,5
LF:3
LH:3
BRF:0
BRH:0
end_of_record
TN:
SF:src/models/Settings.js
FNF:0
FNH:0
DA:1,5
DA:3,5
DA:35,5
LF:3
LH:3
BRF:0
BRH:0
end_of_record
TN:
SF:src/models/User.js
FNF:0
FNH:0
DA:1,7
DA:3,7
DA:57,7
LF:3
LH:3
BRF:0
BRH:0
end_of_record
TN:
SF:src/routes/auth.js
FNF:0
FNH:0
DA:1,5
DA:2,5
DA:3,5
DA:4,5
DA:5,5
DA:6,5
DA:15,5
DA:17,5
DA:19,5
DA:20,5
DA:21,5
DA:22,5
DA:23,5
DA:24,5
DA:25,5
DA:26,5
DA:27,5
DA:29,5
LF:18
LH:18
BRF:0
BRH:0
end_of_record
TN:
SF:src/routes/courses.js
FNF:0
FNH:0
DA:1,5
DA:2,5
DA:3,5
DA:5,5
DA:7,5
LF:5
LH:5
BRF:0
BRH:0
end_of_record
TN:
SF:src/routes/health.js
FNF:0
FNH:0
DA:1,5
DA:2,5
DA:3,5
DA:5,5
DA:6,5
DA:8,5
LF:6
LH:6
BRF:0
BRH:0
end_of_record
TN:
SF:src/routes/index.js
FNF:0
FNH:0
DA:1,5
DA:2,5
DA:4,5
DA:5,5
DA:6,5
DA:7,5
DA:8,5
DA:9,5
DA:10,5
DA:11,5
DA:13,5
DA:14,5
DA:15,5
DA:16,5
DA:17,5
DA:18,5
DA:19,5
DA:20,5
DA:22,5
LF:19
LH:19
BRF:0
BRH:0
end_of_record
TN:
SF:src/routes/notifications.js
FNF:0
FNH:0
DA:1,5
DA:2,5
DA:3,5
DA:8,5
DA:9,5
DA:10,5
DA:12,5
DA:14,5
DA:15,5
DA:16,5
DA:18,5
LF:11
LH:11
BRF:0
BRH:0
end_of_record
TN:
SF:src/routes/posts.js
FNF:0
FNH:0
DA:1,5
DA:2,5
DA:3,5
DA:4,5
DA:5,5
DA:6,5
DA:7,5
DA:16,5
DA:18,5
DA:20,5
DA:21,5
DA:22,5
DA:29,5
DA:36,5
DA:37,5
DA:38,5
DA:39,5
DA:40,5
DA:41,5
DA:42,5
DA:43,5
DA:44,5
DA:53,5
LF:23
LH:23
BRF:0
BRH:0
end_of_record
TN:
SF:src/routes/settings.js
FNF:0
FNH:0
DA:1,5
DA:2,5
DA:3,5
DA:10,5
DA:11,5
DA:12,5
DA:14,5
DA:16,5
DA:17,5
DA:18,5
DA:19,5
DA:20,5
DA:22,5
LF:13
LH:13
BRF:0
BRH:0
end_of_record
TN:
SF:src/routes/storage.js
FNF:0
FNH:0
DA:1,5
DA:7,5
DA:8,5
DA:10,5
DA:12,5
DA:13,5
DA:14,5
DA:16,5
LF:8
LH:8
BRF:0
BRH:0
end_of_record
TN:
SF:src/routes/users.js
FNF:0
FNH:0
DA:1,5
DA:2,5
DA:3,5
DA:5,5
DA:7,5
LF:5
LH:5
BRF:0
BRH:0
end_of_record
TN:
SF:src/services/post.service.js
FN:132,addUserVoteStatus
FN:139,(anonymous_1)
FN:141,(anonymous_2)
FN:148,(anonymous_3)
FN:151,(anonymous_4)
FN:157,addUrlsToItems
FN:166,(anonymous_6)
FN:181,sortComments
FN:185,(anonymous_8)
FN:193,findCommentRecursive
FN:208,populateAuthors
FN:239,getAggregatedPost
FN:247,getPaginatedPosts
FN:268,createPostDocument
FN:293,handleVote
FN:299,(anonymous_15)
FN:300,(anonymous_16)
FNF:17
FNH:15
FNDA:20,addUserVoteStatus
FNDA:4,(anonymous_1)
FNDA:2,(anonymous_2)
FNDA:3,(anonymous_3)
FNDA:2,(anonymous_4)
FNDA:29,addUrlsToItems
FNDA:1,(anonymous_6)
FNDA:5,sortComments
FNDA:4,(anonymous_8)
FNDA:5,findCommentRecursive
FNDA:0,populateAuthors
FNDA:9,getAggregatedPost
FNDA:3,getPaginatedPosts
FNDA:3,createPostDocument
FNDA:2,handleVote
FNDA:1,(anonymous_15)
FNDA:0,(anonymous_16)
DA:1,6
DA:2,6
DA:3,6
DA:4,6
DA:5,6
DA:6,6
DA:8,6
DA:133,20
DA:134,1
DA:135,1
DA:137,19
DA:139,19
DA:140,3
DA:141,16
DA:142,2
DA:144,14
DA:147,19
DA:148,11
DA:149,3
DA:150,3
DA:151,3
DA:158,29
DA:159,1
DA:161,28
DA:162,16
DA:163,1
DA:165,16
DA:166,14
DA:167,1
DA:168,1
DA:172,16
DA:173,10
DA:175,16
DA:176,3
DA:182,5
DA:183,1
DA:185,4
DA:186,4
DA:187,6
DA:188,1
DA:194,5
DA:195,6
DA:196,3
DA:198,3
DA:199,1
DA:200,1
DA:201,1
DA:205,1
DA:209,0
DA:210,0
DA:211,0
DA:212,0
DA:213,0
DA:214,0
DA:217,0
DA:218,0
DA:219,0
DA:220,0
DA:227,0
DA:230,0
DA:233,0
DA:234,0
DA:240,9
DA:244,9
DA:248,3
DA:249,3
DA:250,3
DA:260,3
DA:269,3
DA:270,3
DA:288,3
DA:289,3
DA:290,3
DA:294,2
DA:295,0
DA:298,2
DA:299,2
DA:300,2
DA:302,2
DA:303,2
DA:305,2
DA:306,2
DA:307,1
DA:312,1
DA:313,1
DA:314,0
DA:315,0
DA:317,1
DA:318,1
DA:319,1
DA:320,0
DA:324,0
DA:325,0
DA:330,0
DA:331,0
DA:332,0
DA:333,0
DA:335,0
DA:336,0
DA:340,2
DA:343,6
LF:101
LH:75
BRDA:133,0,0,1
BRDA:133,0,1,19
BRDA:139,1,0,3
BRDA:139,1,1,16
BRDA:139,2,0,19
BRDA:139,2,1,16
BRDA:141,3,0,2
BRDA:141,3,1,14
BRDA:141,4,0,16
BRDA:141,4,1,13
BRDA:147,5,0,11
BRDA:147,5,1,8
BRDA:150,6,0,3
BRDA:150,6,1,0
BRDA:158,7,0,1
BRDA:158,7,1,28
BRDA:162,8,0,1
BRDA:162,8,1,15
BRDA:162,9,0,16
BRDA:162,9,1,14
BRDA:165,10,0,14
BRDA:165,10,1,2
BRDA:167,11,0,1
BRDA:167,11,1,0
BRDA:172,12,0,10
BRDA:172,12,1,6
BRDA:175,13,0,3
BRDA:175,13,1,13
BRDA:182,14,0,1
BRDA:182,14,1,4
BRDA:185,15,0,4
BRDA:185,15,1,0
BRDA:185,16,0,4
BRDA:185,16,1,0
BRDA:187,17,0,1
BRDA:187,17,1,5
BRDA:195,18,0,3
BRDA:195,18,1,3
BRDA:198,19,0,1
BRDA:198,19,1,2
BRDA:198,20,0,3
BRDA:198,20,1,1
BRDA:200,21,0,1
BRDA:200,21,1,0
BRDA:211,22,0,0
BRDA:211,22,1,0
BRDA:211,23,0,0
BRDA:211,23,1,0
BRDA:213,24,0,0
BRDA:213,24,1,0
BRDA:217,25,0,0
BRDA:217,25,1,0
BRDA:219,26,0,0
BRDA:219,26,1,0
BRDA:224,27,0,0
BRDA:224,27,1,0
BRDA:233,28,0,0
BRDA:233,28,1,0
BRDA:233,29,0,0
BRDA:233,29,1,0
BRDA:275,30,0,3
BRDA:275,30,1,3
BRDA:294,31,0,0
BRDA:294,31,1,2
BRDA:299,32,0,2
BRDA:299,32,1,0
BRDA:300,33,0,2
BRDA:300,33,1,0
BRDA:305,34,0,2
BRDA:305,34,1,0
BRDA:306,35,0,1
BRDA:306,35,1,1
BRDA:313,36,0,0
BRDA:313,36,1,1
BRDA:319,37,0,0
BRDA:319,37,1,1
BRDA:324,38,0,0
BRDA:324,38,1,0
BRDA:331,39,0,0
BRDA:331,39,1,0
BRF:80
BRH:49
end_of_record
TN:
SF:src/services/xpService.js
FN:9,calculateLevel
FN:29,addXP
FNF:2
FNH:2
FNDA:15,calculateLevel
FNDA:6,addXP
DA:1,7
DA:10,15
DA:11,15
DA:13,15
DA:14,29
DA:15,29
DA:16,29
DA:19,15
DA:30,6
DA:31,0
DA:34,6
DA:35,6
DA:36,6
DA:37,0
DA:38,0
DA:42,6
DA:45,6
DA:46,6
DA:47,6
DA:48,6
DA:54,6
DA:55,6
DA:56,0
DA:60,6
DA:62,0
DA:66,7
LF:26
LH:21
BRDA:13,0,0,44
BRDA:13,0,1,29
BRDA:29,1,0,0
BRDA:30,2,0,0
BRDA:30,2,1,6
BRDA:30,3,0,6
BRDA:30,3,1,6
BRDA:36,4,0,0
BRDA:36,4,1,6
BRDA:45,5,0,6
BRDA:45,5,1,0
BRDA:47,6,0,6
BRDA:47,6,1,0
BRDA:55,7,0,0
BRDA:55,7,1,6
BRF:15
BRH:9
end_of_record
TN:
SF:src/services/email/email.provider.js
FN:19,sendEmail
FNF:1
FNH:0
FNDA:0,sendEmail
DA:1,5
DA:3,5
DA:4,5
DA:7,5
DA:8,5
DA:9,5
DA:10,5
DA:11,5
DA:13,0
DA:16,0
DA:20,0
DA:21,0
DA:22,0
DA:24,0
DA:25,0
DA:31,0
DA:32,0
DA:33,0
DA:35,0
DA:37,0
DA:38,0
DA:42,5
LF:22
LH:9
BRDA:7,0,0,5
BRDA:7,0,1,0
BRDA:20,1,0,0
BRDA:20,1,1,0
BRDA:31,2,0,0
BRDA:31,2,1,0
BRF:6
BRH:1
end_of_record
TN:
SF:src/services/email/email.service.js
FN:4,sendVerificationCodeEmail
FN:10,sendPasswordResetCodeEmail
FNF:2
FNH:0
FNDA:0,sendVerificationCodeEmail
FNDA:0,sendPasswordResetCodeEmail
DA:1,5
DA:2,5
DA:5,0
DA:6,0
DA:7,0
DA:11,0
DA:12,0
DA:13,0
DA:16,5
LF:9
LH:3
BRF:0
BRH:0
end_of_record
TN:
SF:src/services/email/email.templates.js
FN:1,getVerificationCodeHTML
FN:14,getPasswordResetCodeEmailHTML
FNF:2
FNH:0
FNDA:0,getVerificationCodeHTML
FNDA:0,getPasswordResetCodeEmailHTML
DA:2,0
DA:15,0
DA:28,5
LF:3
LH:1
BRF:0
BRH:0
end_of_record
TN:
SF:src/services/storage/b2.provider.js
FN:29,ensureBucketExists
FN:45,uploadFile
FN:57,getFileUrl
FN:62,deleteFile
FNF:4
FNH:0
FNDA:0,ensureBucketExists
FNDA:0,uploadFile
FNDA:0,getFileUrl
FNDA:0,deleteFile
DA:1,0
DA:2,0
DA:10,0
DA:13,0
DA:14,0
DA:15,0
DA:17,0
DA:20,0
DA:30,0
DA:31,0
DA:32,0
DA:34,0
DA:35,0
DA:36,0
DA:37,0
DA:39,0
DA:40,0
DA:46,0
DA:54,0
DA:58,0
DA:59,0
DA:63,0
DA:66,0
LF:23
LH:0
BRDA:13,0,0,0
BRDA:13,0,1,0
BRDA:13,1,0,0
BRDA:13,1,1,0
BRDA:34,2,0,0
BRDA:34,2,1,0
BRDA:58,3,0,0
BRDA:58,3,1,0
BRF:8
BRH:0
end_of_record
TN:
SF:src/services/storage/cpanel.provider.js
FN:25,uploadFile
FN:53,getFileUrl
FN:57,deleteFile
FNF:3
FNH:0
FNDA:0,uploadFile
FNDA:0,getFileUrl
FNDA:0,deleteFile
DA:1,0
DA:2,0
DA:3,0
DA:11,0
DA:13,0
DA:20,0
DA:26,0
DA:27,0
DA:28,0
DA:29,0
DA:34,0
DA:35,0
DA:42,0
DA:43,0
DA:46,0
DA:48,0
DA:49,0
DA:54,0
DA:58,0
DA:61,0
LF:20
LH:0
BRDA:13,0,0,0
BRDA:13,0,1,0
BRDA:14,1,0,0
BRDA:14,1,1,0
BRDA:14,1,2,0
BRDA:14,1,3,0
BRDA:14,1,4,0
BRDA:42,2,0,0
BRDA:42,2,1,0
BRF:9
BRH:0
end_of_record
TN:
SF:src/services/storage/minio.provider.js
FN:22,ensureBucketExists
FN:59,uploadFile
FN:71,getFileUrl
FN:76,deleteFile
FN:80,getFileStream
FNF:5
FNH:2
FNDA:6,ensureBucketExists
FNDA:0,uploadFile
FNDA:2,getFileUrl
FNDA:0,deleteFile
FNDA:0,getFileStream
DA:1,6
DA:2,6
DA:11,6
DA:13,6
DA:23,6
DA:24,6
DA:25,5
DA:27,0
DA:28,0
DA:29,0
DA:30,0
DA:32,0
DA:33,0
DA:37,5
DA:38,5
DA:50,5
DA:55,0
DA:60,0
DA:68,0
DA:72,2
DA:73,2
DA:77,0
DA:81,0
DA:84,6
LF:24
LH:13
BRDA:27,0,0,0
BRDA:27,0,1,0
BRF:2
BRH:0
end_of_record
TN:
SF:src/services/storage/storage.service.js
FN:5,getProvider
FN:9,(anonymous_1)
FN:20,(anonymous_2)
FN:28,(anonymous_3)
FN:38,uploadFile
FN:42,getFileUrl
FN:46,deleteFile
FN:50,getFileStream
FNF:8
FNH:2
FNDA:6,getProvider
FNDA:0,(anonymous_1)
FNDA:0,(anonymous_2)
FNDA:0,(anonymous_3)
FNDA:0,uploadFile
FNDA:2,getFileUrl
FNDA:0,deleteFile
FNDA:0,getFileStream
DA:1,6
DA:3,6
DA:6,6
DA:8,6
DA:9,6
DA:10,0
DA:12,6
DA:16,0
DA:19,0
DA:20,0
DA:21,0
DA:23,0
DA:26,0
DA:27,0
DA:28,0
DA:29,0
DA:31,0
DA:36,6
DA:39,0
DA:43,2
DA:47,0
DA:51,0
DA:52,0
DA:54,0
DA:57,6
LF:25
LH:9
BRDA:6,0,0,6
BRDA:6,0,1,0
BRDA:6,0,2,0
BRDA:6,0,3,0
BRDA:6,0,4,0
BRDA:51,1,0,0
BRDA:51,1,1,0
BRF:7
BRH:1
end_of_record
TN:
SF:src/validators/auth.validator.js
FNF:0
FNH:0
DA:1,6
DA:3,6
DA:17,6
DA:22,6
DA:29,6
DA:33,6
DA:46,6
DA:56,6
DA:60,6
LF:9
LH:9
BRF:0
BRH:0
end_of_record
TN:
SF:src/validators/post.validator.js
FNF:0
FNH:0
DA:1,6
DA:3,6
DA:11,6
DA:16,6
DA:18,6
DA:28,6
DA:30,6
DA:35,6
DA:37,6
DA:42,6
LF:10
LH:10
BRF:0
BRH:0
end_of_record
